---------------------------------------------------------------
[ 2019-03-07T17:46:02+08:00 ] 127.0.0.1 GET tp5.1/boss.php
[运行时间：0.171010s] [吞吐率：5.85req/s] [内存消耗：2,338.98kb] [文件加载：75]
[ info ] [ LANG ] E:\sjx\PHPTutorial\WWW\tp5.1demo\thinkphp\lang\zh-cn.php
[ info ] [ ROUTE ] array (
)
[ info ] [ HEADER ] array (
  'accept-language' => 'zh-CN,zh;q=0.9',
  'accept-encoding' => 'gzip, deflate',
  'accept' => 'text/html,application/xhtml+xml,application/xml;q=0.9,image/webp,image/apng,*/*;q=0.8',
  'user-agent' => 'Mozilla/5.0 (Windows NT 6.1; Win64; x64) AppleWebKit/537.36 (KHTML, like Gecko) Chrome/67.0.3396.99 Safari/537.36',
  'upgrade-insecure-requests' => '1',
  'connection' => 'close',
  'host' => 'tp5.1',
)
[ info ] [ PARAM ] array (
)
[ info ] [ DB ] INIT mysql
[ sql ] [ DB ] CONNECT:[ UseTime:0.011000s ] mysql:host=127.0.0.1;dbname=demo;charset=utf8
[ sql ] [ SQL ] SHOW COLUMNS FROM `tp_config` [ RunTime:0.009001s ]
[ sql ] [ SQL ] SELECT * FROM `tp_config` WHERE  `id` = 1 LIMIT 1 [ RunTime:0.001000s ]
---------------------------------------------------------------
[ 2019-03-07T17:46:03+08:00 ] 127.0.0.1 GET tp5.1/boss.php/index/login.html
[运行时间：0.088005s] [吞吐率：11.36req/s] [内存消耗：2,346.92kb] [文件加载：77]
[ info ] [ LANG ] E:\sjx\PHPTutorial\WWW\tp5.1demo\thinkphp\lang\zh-cn.php
[ info ] [ ROUTE ] array (
)
[ info ] [ HEADER ] array (
  'cookie' => 'PHPSESSID=liv2hdlqgqcj95q8t3dc7tuss7',
  'accept-language' => 'zh-CN,zh;q=0.9',
  'accept-encoding' => 'gzip, deflate',
  'accept' => 'text/html,application/xhtml+xml,application/xml;q=0.9,image/webp,image/apng,*/*;q=0.8',
  'user-agent' => 'Mozilla/5.0 (Windows NT 6.1; Win64; x64) AppleWebKit/537.36 (KHTML, like Gecko) Chrome/67.0.3396.99 Safari/537.36',
  'upgrade-insecure-requests' => '1',
  'connection' => 'close',
  'host' => 'tp5.1',
)
[ info ] [ PARAM ] array (
)
[ info ] [ DB ] INIT mysql
[ info ] [ VIEW ] E:\sjx\PHPTutorial\WWW\tp5.1demo\application\admin\view\index\login.html [ array (
  0 => 'config',
  1 => 'priv',
  2 => 'admin_info',
  3 => 'top',
) ]
[ sql ] [ DB ] CONNECT:[ UseTime:0.010000s ] mysql:host=127.0.0.1;dbname=demo;charset=utf8
[ sql ] [ SQL ] SHOW COLUMNS FROM `tp_config` [ RunTime:0.007001s ]
[ sql ] [ SQL ] SELECT * FROM `tp_config` WHERE  `id` = 1 LIMIT 1 [ RunTime:0.000000s ]
[ sql ] [ SQL ] SELECT `forbid_ip` FROM `tp_config` WHERE  `id` = 1 LIMIT 1 [ RunTime:0.001000s ]
[ sql ] [ SQL ] SHOW COLUMNS FROM `tp_module` [ RunTime:0.016001s ]
[ sql ] [ SQL ] SELECT * FROM `tp_module` WHERE  ( url='/index/login' ) LIMIT 1 [ RunTime:0.001000s ]
[ sql ] [ SQL ] SHOW COLUMNS FROM `tp_admin_role` [ RunTime:0.009000s ]
[ sql ] [ SQL ] SELECT `button` FROM `tp_admin_role` WHERE  `id` IS NULL LIMIT 1 [ RunTime:0.000000s ]
[ sql ] [ SQL ] SELECT `module` FROM `tp_admin_role` WHERE  `id` IS NULL LIMIT 1 [ RunTime:0.001000s ]
---------------------------------------------------------------
[ 2019-03-07T17:46:03+08:00 ] 127.0.0.1 GET tp5.1/boss.php/captcha.html
[运行时间：0.103006s] [吞吐率：9.71req/s] [内存消耗：1,087.94kb] [文件加载：56]
[ info ] [ LANG ] E:\sjx\PHPTutorial\WWW\tp5.1demo\thinkphp\lang\zh-cn.php
[ info ] [ ROUTE ] array (
  'rule' => 'captcha/<id?>',
  'route' => '\\think\\captcha\\CaptchaController@index',
  'option' => 
  array (
    'merge_rule_regex' => false,
  ),
  'var' => 
  array (
  ),
)
[ info ] [ HEADER ] array (
  'cookie' => 'PHPSESSID=liv2hdlqgqcj95q8t3dc7tuss7',
  'accept-language' => 'zh-CN,zh;q=0.9',
  'accept-encoding' => 'gzip, deflate',
  'referer' => 'http://tp5.1/boss.php/index/login.html',
  'accept' => 'image/webp,image/apng,image/*,*/*;q=0.8',
  'user-agent' => 'Mozilla/5.0 (Windows NT 6.1; Win64; x64) AppleWebKit/537.36 (KHTML, like Gecko) Chrome/67.0.3396.99 Safari/537.36',
  'connection' => 'close',
  'host' => 'tp5.1',
)
[ info ] [ PARAM ] array (
)
---------------------------------------------------------------
[ 2019-03-07T17:46:07+08:00 ] 127.0.0.1 POST tp5.1/boss.php/index/login.html
[运行时间：0.145008s] [吞吐率：6.90req/s] [内存消耗：2,610.59kb] [文件加载：87]
[ info ] [ LANG ] E:\sjx\PHPTutorial\WWW\tp5.1demo\thinkphp\lang\zh-cn.php
[ info ] [ ROUTE ] array (
)
[ info ] [ HEADER ] array (
  'cookie' => 'PHPSESSID=liv2hdlqgqcj95q8t3dc7tuss7',
  'accept-language' => 'zh-CN,zh;q=0.9',
  'accept-encoding' => 'gzip, deflate',
  'referer' => 'http://tp5.1/boss.php/index/login.html',
  'content-type' => 'application/x-www-form-urlencoded; charset=UTF-8',
  'token' => 'd8d0fae6b93e104c7ce1f32ab5e73dd9',
  'user-agent' => 'Mozilla/5.0 (Windows NT 6.1; Win64; x64) AppleWebKit/537.36 (KHTML, like Gecko) Chrome/67.0.3396.99 Safari/537.36',
  'x-requested-with' => 'XMLHttpRequest',
  'origin' => 'http://tp5.1',
  'accept' => 'application/json, text/javascript, */*; q=0.01',
  'content-length' => '86',
  'connection' => 'close',
  'host' => 'tp5.1',
)
[ info ] [ PARAM ] array (
  'username' => 'admin',
  'password' => '123456',
  'captcha' => 'yfaw',
  '__token__' => 'd8d0fae6b93e104c7ce1f32ab5e73dd9',
)
[ info ] [ DB ] INIT mysql
[ sql ] [ DB ] CONNECT:[ UseTime:0.001001s ] mysql:host=127.0.0.1;dbname=demo;charset=utf8
[ sql ] [ SQL ] SHOW COLUMNS FROM `tp_config` [ RunTime:0.007000s ]
[ sql ] [ SQL ] SELECT * FROM `tp_config` WHERE  `id` = 1 LIMIT 1 [ RunTime:0.001000s ]
[ sql ] [ SQL ] SELECT `forbid_ip` FROM `tp_config` WHERE  `id` = 1 LIMIT 1 [ RunTime:0.000000s ]
[ sql ] [ SQL ] SHOW COLUMNS FROM `tp_module` [ RunTime:0.006000s ]
[ sql ] [ SQL ] SELECT * FROM `tp_module` WHERE  ( url='/index/login' ) LIMIT 1 [ RunTime:0.000000s ]
[ sql ] [ SQL ] SHOW COLUMNS FROM `tp_admin_role` [ RunTime:0.007001s ]
[ sql ] [ SQL ] SELECT `button` FROM `tp_admin_role` WHERE  `id` IS NULL LIMIT 1 [ RunTime:0.000000s ]
[ sql ] [ SQL ] SELECT `module` FROM `tp_admin_role` WHERE  `id` IS NULL LIMIT 1 [ RunTime:0.001000s ]
[ sql ] [ SQL ] SHOW COLUMNS FROM `tp_admin` [ RunTime:0.015000s ]
[ sql ] [ SQL ] SELECT * FROM `tp_admin` WHERE  `admin_name` = 'admin' LIMIT 1 [ RunTime:0.001000s ]
[ sql ] [ SQL ] UPDATE `tp_admin`  SET `logintime` = 1551951967 , `lastlogintime` = 1551951967 , `token` = '17ffba9f-8dd1-4013-b121-d4cd4662c481'  WHERE  `admin_id` = 1 [ RunTime:0.001000s ]
[ sql ] [ SQL ] SELECT `name` FROM `tp_admin_role` WHERE  `id` = 1 LIMIT 1 [ RunTime:0.004000s ]
[ sql ] [ SQL ] SHOW COLUMNS FROM `tp_admin_login_log` [ RunTime:0.011001s ]
[ sql ] [ SQL ] INSERT INTO `tp_admin_login_log` (`admin_id` , `log_info` , `log_ip` , `log_time`) VALUES (1 , '后台登录' , '127.0.0.1' , 1551951967) [ RunTime:0.001000s ]
---------------------------------------------------------------
[ 2019-03-07T17:46:09+08:00 ] 127.0.0.1 GET tp5.1/boss.php/index/index.html
[运行时间：0.109006s] [吞吐率：9.17req/s] [内存消耗：2,442.67kb] [文件加载：77]
[ info ] [ LANG ] E:\sjx\PHPTutorial\WWW\tp5.1demo\thinkphp\lang\zh-cn.php
[ info ] [ ROUTE ] array (
)
[ info ] [ HEADER ] array (
  'cookie' => 'PHPSESSID=liv2hdlqgqcj95q8t3dc7tuss7',
  'accept-language' => 'zh-CN,zh;q=0.9',
  'accept-encoding' => 'gzip, deflate',
  'referer' => 'http://tp5.1/boss.php/index/login.html',
  'accept' => 'text/html,application/xhtml+xml,application/xml;q=0.9,image/webp,image/apng,*/*;q=0.8',
  'user-agent' => 'Mozilla/5.0 (Windows NT 6.1; Win64; x64) AppleWebKit/537.36 (KHTML, like Gecko) Chrome/67.0.3396.99 Safari/537.36',
  'upgrade-insecure-requests' => '1',
  'connection' => 'close',
  'host' => 'tp5.1',
)
[ info ] [ PARAM ] array (
)
[ info ] [ DB ] INIT mysql
[ info ] [ VIEW ] E:\sjx\PHPTutorial\WWW\tp5.1demo\application\admin\view\index\index.html [ array (
  0 => 'config',
  1 => 'priv',
  2 => 'admin_info',
  3 => 'top',
) ]
[ sql ] [ DB ] CONNECT:[ UseTime:0.010000s ] mysql:host=127.0.0.1;dbname=demo;charset=utf8
[ sql ] [ SQL ] SHOW COLUMNS FROM `tp_config` [ RunTime:0.007001s ]
[ sql ] [ SQL ] SELECT * FROM `tp_config` WHERE  `id` = 1 LIMIT 1 [ RunTime:0.001000s ]
[ sql ] [ SQL ] SELECT `forbid_ip` FROM `tp_config` WHERE  `id` = 1 LIMIT 1 [ RunTime:0.000000s ]
[ sql ] [ SQL ] SHOW COLUMNS FROM `tp_module` [ RunTime:0.006000s ]
[ sql ] [ SQL ] SELECT * FROM `tp_module` WHERE  ( url='/index/index' ) LIMIT 1 [ RunTime:0.000000s ]
[ sql ] [ SQL ] SHOW COLUMNS FROM `tp_admin_role` [ RunTime:0.007001s ]
[ sql ] [ SQL ] SELECT `button` FROM `tp_admin_role` WHERE  `id` = 1 LIMIT 1 [ RunTime:0.000000s ]
[ sql ] [ SQL ] SELECT `module` FROM `tp_admin_role` WHERE  `id` = 1 LIMIT 1 [ RunTime:0.000000s ]
[ sql ] [ SQL ] SELECT `id`,`name`,`icon` FROM `tp_module` WHERE  ( pid=0 and id in (248,249,250,251,345,199,200,201,202,203,204,205,206,207,208,209,210,211,212,213,328,329,330,336,427,428,429,430,431,432,436,437,438,439,440,441) ) ORDER BY `sortnum` DESC,`id` ASC [ RunTime:0.000000s ]
[ sql ] [ SQL ] SELECT `id`,`name`,`icon` FROM `tp_module` WHERE  ( pid=248 and id in (248,249,250,251,345,199,200,201,202,203,204,205,206,207,208,209,210,211,212,213,328,329,330,336,427,428,429,430,431,432,436,437,438,439,440,441) ) ORDER BY `sortnum` DESC,`id` ASC [ RunTime:0.001000s ]
[ sql ] [ SQL ] SELECT `id`,`name`,`url` FROM `tp_module` WHERE  ( pid=249 and id in (248,249,250,251,345,199,200,201,202,203,204,205,206,207,208,209,210,211,212,213,328,329,330,336,427,428,429,430,431,432,436,437,438,439,440,441) ) ORDER BY `sortnum` DESC,`id` ASC [ RunTime:0.000000s ]
[ sql ] [ SQL ] SELECT `id`,`name`,`icon` FROM `tp_module` WHERE  ( pid=199 and id in (248,249,250,251,345,199,200,201,202,203,204,205,206,207,208,209,210,211,212,213,328,329,330,336,427,428,429,430,431,432,436,437,438,439,440,441) ) ORDER BY `sortnum` DESC,`id` ASC [ RunTime:0.001000s ]
[ sql ] [ SQL ] SELECT `id`,`name`,`url` FROM `tp_module` WHERE  ( pid=200 and id in (248,249,250,251,345,199,200,201,202,203,204,205,206,207,208,209,210,211,212,213,328,329,330,336,427,428,429,430,431,432,436,437,438,439,440,441) ) ORDER BY `sortnum` DESC,`id` ASC [ RunTime:0.000000s ]
[ sql ] [ SQL ] SELECT `id`,`name`,`url` FROM `tp_module` WHERE  ( pid=205 and id in (248,249,250,251,345,199,200,201,202,203,204,205,206,207,208,209,210,211,212,213,328,329,330,336,427,428,429,430,431,432,436,437,438,439,440,441) ) ORDER BY `sortnum` DESC,`id` ASC [ RunTime:0.001000s ]
[ sql ] [ SQL ] SELECT `id`,`name`,`icon` FROM `tp_module` WHERE  ( pid=207 and id in (248,249,250,251,345,199,200,201,202,203,204,205,206,207,208,209,210,211,212,213,328,329,330,336,427,428,429,430,431,432,436,437,438,439,440,441) ) ORDER BY `sortnum` DESC,`id` ASC [ RunTime:0.000000s ]
[ sql ] [ SQL ] SELECT `id`,`name`,`url` FROM `tp_module` WHERE  ( pid=208 and id in (248,249,250,251,345,199,200,201,202,203,204,205,206,207,208,209,210,211,212,213,328,329,330,336,427,428,429,430,431,432,436,437,438,439,440,441) ) ORDER BY `sortnum` DESC,`id` ASC [ RunTime:0.001000s ]
[ sql ] [ SQL ] SELECT `id`,`name`,`url` FROM `tp_module` WHERE  ( pid=211 and id in (248,249,250,251,345,199,200,201,202,203,204,205,206,207,208,209,210,211,212,213,328,329,330,336,427,428,429,430,431,432,436,437,438,439,440,441) ) ORDER BY `sortnum` DESC,`id` ASC [ RunTime:0.000000s ]
[ sql ] [ SQL ] SELECT `id`,`name`,`icon` FROM `tp_module` WHERE  ( pid=328 and id in (248,249,250,251,345,199,200,201,202,203,204,205,206,207,208,209,210,211,212,213,328,329,330,336,427,428,429,430,431,432,436,437,438,439,440,441) ) ORDER BY `sortnum` DESC,`id` ASC [ RunTime:0.000000s ]
[ sql ] [ SQL ] SELECT `id`,`name`,`url` FROM `tp_module` WHERE  ( pid=329 and id in (248,249,250,251,345,199,200,201,202,203,204,205,206,207,208,209,210,211,212,213,328,329,330,336,427,428,429,430,431,432,436,437,438,439,440,441) ) ORDER BY `sortnum` DESC,`id` ASC [ RunTime:0.000000s ]
[ sql ] [ SQL ] SELECT `id`,`name`,`icon` FROM `tp_module` WHERE  ( pid=427 and id in (248,249,250,251,345,199,200,201,202,203,204,205,206,207,208,209,210,211,212,213,328,329,330,336,427,428,429,430,431,432,436,437,438,439,440,441) ) ORDER BY `sortnum` DESC,`id` ASC [ RunTime:0.000000s ]
[ sql ] [ SQL ] SELECT `id`,`name`,`url` FROM `tp_module` WHERE  ( pid=428 and id in (248,249,250,251,345,199,200,201,202,203,204,205,206,207,208,209,210,211,212,213,328,329,330,336,427,428,429,430,431,432,436,437,438,439,440,441) ) ORDER BY `sortnum` DESC,`id` ASC [ RunTime:0.001000s ]
[ sql ] [ SQL ] SELECT `id`,`name`,`url` FROM `tp_module` WHERE  ( pid=438 and id in (248,249,250,251,345,199,200,201,202,203,204,205,206,207,208,209,210,211,212,213,328,329,330,336,427,428,429,430,431,432,436,437,438,439,440,441) ) ORDER BY `sortnum` DESC,`id` ASC [ RunTime:0.000000s ]
---------------------------------------------------------------
[ 2019-03-07T17:46:09+08:00 ] 127.0.0.1 GET tp5.1/boss.php/index/welcome.html
[运行时间：0.128007s] [吞吐率：7.81req/s] [内存消耗：2,374.55kb] [文件加载：75]
[ info ] [ LANG ] E:\sjx\PHPTutorial\WWW\tp5.1demo\thinkphp\lang\zh-cn.php
[ info ] [ ROUTE ] array (
)
[ info ] [ HEADER ] array (
  'cookie' => 'PHPSESSID=liv2hdlqgqcj95q8t3dc7tuss7',
  'accept-language' => 'zh-CN,zh;q=0.9',
  'accept-encoding' => 'gzip, deflate',
  'referer' => 'http://tp5.1/boss.php/index/index.html',
  'accept' => 'text/html,application/xhtml+xml,application/xml;q=0.9,image/webp,image/apng,*/*;q=0.8',
  'user-agent' => 'Mozilla/5.0 (Windows NT 6.1; Win64; x64) AppleWebKit/537.36 (KHTML, like Gecko) Chrome/67.0.3396.99 Safari/537.36',
  'upgrade-insecure-requests' => '1',
  'connection' => 'close',
  'host' => 'tp5.1',
)
[ info ] [ PARAM ] array (
)
[ info ] [ DB ] INIT mysql
[ info ] [ VIEW ] E:\sjx\PHPTutorial\WWW\tp5.1demo\application\admin\view\index\welcome.html [ array (
  0 => 'config',
  1 => 'priv',
  2 => 'admin_info',
  3 => 'top',
  4 => 'log_nums',
  5 => 'admin_log',
  6 => 'mysql_version',
) ]
[ sql ] [ DB ] CONNECT:[ UseTime:0.000000s ] mysql:host=127.0.0.1;dbname=demo;charset=utf8
[ sql ] [ SQL ] SHOW COLUMNS FROM `tp_config` [ RunTime:0.009001s ]
[ sql ] [ SQL ] SELECT * FROM `tp_config` WHERE  `id` = 1 LIMIT 1 [ RunTime:0.001000s ]
[ sql ] [ SQL ] SELECT `forbid_ip` FROM `tp_config` WHERE  `id` = 1 LIMIT 1 [ RunTime:0.001000s ]
[ sql ] [ SQL ] SHOW COLUMNS FROM `tp_module` [ RunTime:0.007000s ]
[ sql ] [ SQL ] SELECT * FROM `tp_module` WHERE  ( url='/index/welcome' ) LIMIT 1 [ RunTime:0.001000s ]
[ sql ] [ SQL ] SHOW COLUMNS FROM `tp_admin_role` [ RunTime:0.007001s ]
[ sql ] [ SQL ] SELECT `button` FROM `tp_admin_role` WHERE  `id` = 1 LIMIT 1 [ RunTime:0.000000s ]
[ sql ] [ SQL ] SELECT `module` FROM `tp_admin_role` WHERE  `id` = 1 LIMIT 1 [ RunTime:0.000000s ]
[ sql ] [ SQL ] SELECT `id`,`name`,`icon` FROM `tp_module` WHERE  ( pid=0 and id in (248,249,250,251,345,199,200,201,202,203,204,205,206,207,208,209,210,211,212,213,328,329,330,336,427,428,429,430,431,432,436,437,438,439,440,441) ) ORDER BY `sortnum` DESC,`id` ASC [ RunTime:0.001000s ]
[ sql ] [ SQL ] SELECT `id`,`name`,`icon` FROM `tp_module` WHERE  ( pid=248 and id in (248,249,250,251,345,199,200,201,202,203,204,205,206,207,208,209,210,211,212,213,328,329,330,336,427,428,429,430,431,432,436,437,438,439,440,441) ) ORDER BY `sortnum` DESC,`id` ASC [ RunTime:0.000000s ]
[ sql ] [ SQL ] SELECT `id`,`name`,`url` FROM `tp_module` WHERE  ( pid=249 and id in (248,249,250,251,345,199,200,201,202,203,204,205,206,207,208,209,210,211,212,213,328,329,330,336,427,428,429,430,431,432,436,437,438,439,440,441) ) ORDER BY `sortnum` DESC,`id` ASC [ RunTime:0.001000s ]
[ sql ] [ SQL ] SELECT `id`,`name`,`icon` FROM `tp_module` WHERE  ( pid=199 and id in (248,249,250,251,345,199,200,201,202,203,204,205,206,207,208,209,210,211,212,213,328,329,330,336,427,428,429,430,431,432,436,437,438,439,440,441) ) ORDER BY `sortnum` DESC,`id` ASC [ RunTime:0.000000s ]
[ sql ] [ SQL ] SELECT `id`,`name`,`url` FROM `tp_module` WHERE  ( pid=200 and id in (248,249,250,251,345,199,200,201,202,203,204,205,206,207,208,209,210,211,212,213,328,329,330,336,427,428,429,430,431,432,436,437,438,439,440,441) ) ORDER BY `sortnum` DESC,`id` ASC [ RunTime:0.001000s ]
[ sql ] [ SQL ] SELECT `id`,`name`,`url` FROM `tp_module` WHERE  ( pid=205 and id in (248,249,250,251,345,199,200,201,202,203,204,205,206,207,208,209,210,211,212,213,328,329,330,336,427,428,429,430,431,432,436,437,438,439,440,441) ) ORDER BY `sortnum` DESC,`id` ASC [ RunTime:0.000000s ]
[ sql ] [ SQL ] SELECT `id`,`name`,`icon` FROM `tp_module` WHERE  ( pid=207 and id in (248,249,250,251,345,199,200,201,202,203,204,205,206,207,208,209,210,211,212,213,328,329,330,336,427,428,429,430,431,432,436,437,438,439,440,441) ) ORDER BY `sortnum` DESC,`id` ASC [ RunTime:0.000000s ]
[ sql ] [ SQL ] SELECT `id`,`name`,`url` FROM `tp_module` WHERE  ( pid=208 and id in (248,249,250,251,345,199,200,201,202,203,204,205,206,207,208,209,210,211,212,213,328,329,330,336,427,428,429,430,431,432,436,437,438,439,440,441) ) ORDER BY `sortnum` DESC,`id` ASC [ RunTime:0.000000s ]
[ sql ] [ SQL ] SELECT `id`,`name`,`url` FROM `tp_module` WHERE  ( pid=211 and id in (248,249,250,251,345,199,200,201,202,203,204,205,206,207,208,209,210,211,212,213,328,329,330,336,427,428,429,430,431,432,436,437,438,439,440,441) ) ORDER BY `sortnum` DESC,`id` ASC [ RunTime:0.000000s ]
[ sql ] [ SQL ] SELECT `id`,`name`,`icon` FROM `tp_module` WHERE  ( pid=328 and id in (248,249,250,251,345,199,200,201,202,203,204,205,206,207,208,209,210,211,212,213,328,329,330,336,427,428,429,430,431,432,436,437,438,439,440,441) ) ORDER BY `sortnum` DESC,`id` ASC [ RunTime:0.001000s ]
[ sql ] [ SQL ] SELECT `id`,`name`,`url` FROM `tp_module` WHERE  ( pid=329 and id in (248,249,250,251,345,199,200,201,202,203,204,205,206,207,208,209,210,211,212,213,328,329,330,336,427,428,429,430,431,432,436,437,438,439,440,441) ) ORDER BY `sortnum` DESC,`id` ASC [ RunTime:0.000000s ]
[ sql ] [ SQL ] SELECT `id`,`name`,`icon` FROM `tp_module` WHERE  ( pid=427 and id in (248,249,250,251,345,199,200,201,202,203,204,205,206,207,208,209,210,211,212,213,328,329,330,336,427,428,429,430,431,432,436,437,438,439,440,441) ) ORDER BY `sortnum` DESC,`id` ASC [ RunTime:0.000000s ]
[ sql ] [ SQL ] SELECT `id`,`name`,`url` FROM `tp_module` WHERE  ( pid=428 and id in (248,249,250,251,345,199,200,201,202,203,204,205,206,207,208,209,210,211,212,213,328,329,330,336,427,428,429,430,431,432,436,437,438,439,440,441) ) ORDER BY `sortnum` DESC,`id` ASC [ RunTime:0.001000s ]
[ sql ] [ SQL ] SELECT `id`,`name`,`url` FROM `tp_module` WHERE  ( pid=438 and id in (248,249,250,251,345,199,200,201,202,203,204,205,206,207,208,209,210,211,212,213,328,329,330,336,427,428,429,430,431,432,436,437,438,439,440,441) ) ORDER BY `sortnum` DESC,`id` ASC [ RunTime:0.000000s ]
[ sql ] [ SQL ] SELECT VERSION() as mysql_version [ RunTime:0.001000s ]
[ sql ] [ SQL ] SHOW COLUMNS FROM `tp_admin_login_log` [ RunTime:0.008001s ]
[ sql ] [ SQL ] SELECT `al`.`log_ip`,`al`.`log_time`,`a`.`admin_name`,`a`.`role_id` FROM `tp_admin_login_log` `al` INNER JOIN `tp_admin` `a` ON `al`.`admin_id`=`a`.`admin_id` ORDER BY `al`.`log_id` DESC LIMIT 8 [ RunTime:0.001000s ]
[ sql ] [ SQL ] SELECT `name` FROM `tp_admin_role` WHERE  `id` = 1 LIMIT 1 [ RunTime:0.000000s ]
[ sql ] [ SQL ] SELECT `name` FROM `tp_admin_role` WHERE  `id` = 1 LIMIT 1 [ RunTime:0.001000s ]
[ sql ] [ SQL ] SELECT `name` FROM `tp_admin_role` WHERE  `id` = 1 LIMIT 1 [ RunTime:0.000000s ]
[ sql ] [ SQL ] SELECT `name` FROM `tp_admin_role` WHERE  `id` = 1 LIMIT 1 [ RunTime:0.001000s ]
[ sql ] [ SQL ] SELECT `name` FROM `tp_admin_role` WHERE  `id` = 1 LIMIT 1 [ RunTime:0.001000s ]
[ sql ] [ SQL ] SELECT `name` FROM `tp_admin_role` WHERE  `id` = 1 LIMIT 1 [ RunTime:0.000000s ]
[ sql ] [ SQL ] SELECT `name` FROM `tp_admin_role` WHERE  `id` = 1 LIMIT 1 [ RunTime:0.000000s ]
[ sql ] [ SQL ] SELECT `name` FROM `tp_admin_role` WHERE  `id` = 1 LIMIT 1 [ RunTime:0.000000s ]
[ sql ] [ SQL ] SELECT COUNT(*) AS tp_count FROM `tp_admin_login_log` WHERE  `admin_id` = 1 LIMIT 1 [ RunTime:0.001000s ]
---------------------------------------------------------------
[ 2019-03-07T17:46:10+08:00 ] 127.0.0.1 GET tp5.1/static/admin/plugins/layer/theme/extend/layer.ext.js,skin/moon/style.css
[运行时间：0.053003s] [吞吐率：18.87req/s] [内存消耗：1,458.55kb] [文件加载：67]
[ info ] [ LANG ] E:\sjx\PHPTutorial\WWW\tp5.1demo\thinkphp\lang\zh-cn.php
[ info ] [ ROUTE ] array (
)
[ info ] [ HEADER ] array (
  'cookie' => 'PHPSESSID=liv2hdlqgqcj95q8t3dc7tuss7',
  'accept-language' => 'zh-CN,zh;q=0.9',
  'accept-encoding' => 'gzip, deflate',
  'referer' => 'http://tp5.1/boss.php/index/index.html',
  'accept' => 'text/css,*/*;q=0.1',
  'user-agent' => 'Mozilla/5.0 (Windows NT 6.1; Win64; x64) AppleWebKit/537.36 (KHTML, like Gecko) Chrome/67.0.3396.99 Safari/537.36',
  'connection' => 'close',
  'host' => 'tp5.1',
)
[ info ] [ PARAM ] array (
  '/static/admin/plugins/layer/theme/extend/layer_ext_js,skin/moon/style_css' => '',
  'plugins' => 'layer',
  'theme' => 'extend',
  'skin' => 'moon',
)
---------------------------------------------------------------
[ 2019-03-07T17:46:11+08:00 ] 127.0.0.1 GET tp5.1/boss.php/index/favicon.ico
[运行时间：0.084005s] [吞吐率：11.90req/s] [内存消耗：2,364.68kb] [文件加载：78]
[ info ] [ LANG ] E:\sjx\PHPTutorial\WWW\tp5.1demo\thinkphp\lang\zh-cn.php
[ info ] [ ROUTE ] array (
)
[ info ] [ HEADER ] array (
  'cookie' => 'PHPSESSID=liv2hdlqgqcj95q8t3dc7tuss7',
  'accept-language' => 'zh-CN,zh;q=0.9',
  'accept-encoding' => 'gzip, deflate',
  'referer' => 'http://tp5.1/boss.php/index/index.html',
  'accept' => 'image/webp,image/apng,image/*,*/*;q=0.8',
  'user-agent' => 'Mozilla/5.0 (Windows NT 6.1; Win64; x64) AppleWebKit/537.36 (KHTML, like Gecko) Chrome/67.0.3396.99 Safari/537.36',
  'connection' => 'close',
  'host' => 'tp5.1',
)
[ info ] [ PARAM ] array (
)
[ info ] [ DB ] INIT mysql
[ sql ] [ DB ] CONNECT:[ UseTime:0.010000s ] mysql:host=127.0.0.1;dbname=demo;charset=utf8
[ sql ] [ SQL ] SHOW COLUMNS FROM `tp_config` [ RunTime:0.007000s ]
[ sql ] [ SQL ] SELECT * FROM `tp_config` WHERE  `id` = 1 LIMIT 1 [ RunTime:0.000000s ]
[ sql ] [ SQL ] SELECT `forbid_ip` FROM `tp_config` WHERE  `id` = 1 LIMIT 1 [ RunTime:0.001000s ]
[ sql ] [ SQL ] SHOW COLUMNS FROM `tp_module` [ RunTime:0.007000s ]
[ sql ] [ SQL ] SELECT * FROM `tp_module` WHERE  ( url='/index/favicon.ico' ) LIMIT 1 [ RunTime:0.000000s ]
[ sql ] [ SQL ] SHOW COLUMNS FROM `tp_admin_role` [ RunTime:0.007001s ]
[ sql ] [ SQL ] SELECT `button` FROM `tp_admin_role` WHERE  `id` = 1 LIMIT 1 [ RunTime:0.001000s ]
[ sql ] [ SQL ] SELECT `module` FROM `tp_admin_role` WHERE  `id` = 1 LIMIT 1 [ RunTime:0.000000s ]
[ sql ] [ SQL ] SELECT `id`,`name`,`icon` FROM `tp_module` WHERE  ( pid=0 and id in (248,249,250,251,345,199,200,201,202,203,204,205,206,207,208,209,210,211,212,213,328,329,330,336,427,428,429,430,431,432,436,437,438,439,440,441) ) ORDER BY `sortnum` DESC,`id` ASC [ RunTime:0.001000s ]
[ sql ] [ SQL ] SELECT `id`,`name`,`icon` FROM `tp_module` WHERE  ( pid=248 and id in (248,249,250,251,345,199,200,201,202,203,204,205,206,207,208,209,210,211,212,213,328,329,330,336,427,428,429,430,431,432,436,437,438,439,440,441) ) ORDER BY `sortnum` DESC,`id` ASC [ RunTime:0.000000s ]
[ sql ] [ SQL ] SELECT `id`,`name`,`url` FROM `tp_module` WHERE  ( pid=249 and id in (248,249,250,251,345,199,200,201,202,203,204,205,206,207,208,209,210,211,212,213,328,329,330,336,427,428,429,430,431,432,436,437,438,439,440,441) ) ORDER BY `sortnum` DESC,`id` ASC [ RunTime:0.001000s ]
[ sql ] [ SQL ] SELECT `id`,`name`,`icon` FROM `tp_module` WHERE  ( pid=199 and id in (248,249,250,251,345,199,200,201,202,203,204,205,206,207,208,209,210,211,212,213,328,329,330,336,427,428,429,430,431,432,436,437,438,439,440,441) ) ORDER BY `sortnum` DESC,`id` ASC [ RunTime:0.000000s ]
[ sql ] [ SQL ] SELECT `id`,`name`,`url` FROM `tp_module` WHERE  ( pid=200 and id in (248,249,250,251,345,199,200,201,202,203,204,205,206,207,208,209,210,211,212,213,328,329,330,336,427,428,429,430,431,432,436,437,438,439,440,441) ) ORDER BY `sortnum` DESC,`id` ASC [ RunTime:0.001000s ]
[ sql ] [ SQL ] SELECT `id`,`name`,`url` FROM `tp_module` WHERE  ( pid=205 and id in (248,249,250,251,345,199,200,201,202,203,204,205,206,207,208,209,210,211,212,213,328,329,330,336,427,428,429,430,431,432,436,437,438,439,440,441) ) ORDER BY `sortnum` DESC,`id` ASC [ RunTime:0.000000s ]
[ sql ] [ SQL ] SELECT `id`,`name`,`icon` FROM `tp_module` WHERE  ( pid=207 and id in (248,249,250,251,345,199,200,201,202,203,204,205,206,207,208,209,210,211,212,213,328,329,330,336,427,428,429,430,431,432,436,437,438,439,440,441) ) ORDER BY `sortnum` DESC,`id` ASC [ RunTime:0.001000s ]
[ sql ] [ SQL ] SELECT `id`,`name`,`url` FROM `tp_module` WHERE  ( pid=208 and id in (248,249,250,251,345,199,200,201,202,203,204,205,206,207,208,209,210,211,212,213,328,329,330,336,427,428,429,430,431,432,436,437,438,439,440,441) ) ORDER BY `sortnum` DESC,`id` ASC [ RunTime:0.000000s ]
[ sql ] [ SQL ] SELECT `id`,`name`,`url` FROM `tp_module` WHERE  ( pid=211 and id in (248,249,250,251,345,199,200,201,202,203,204,205,206,207,208,209,210,211,212,213,328,329,330,336,427,428,429,430,431,432,436,437,438,439,440,441) ) ORDER BY `sortnum` DESC,`id` ASC [ RunTime:0.001000s ]
[ sql ] [ SQL ] SELECT `id`,`name`,`icon` FROM `tp_module` WHERE  ( pid=328 and id in (248,249,250,251,345,199,200,201,202,203,204,205,206,207,208,209,210,211,212,213,328,329,330,336,427,428,429,430,431,432,436,437,438,439,440,441) ) ORDER BY `sortnum` DESC,`id` ASC [ RunTime:0.000000s ]
[ sql ] [ SQL ] SELECT `id`,`name`,`url` FROM `tp_module` WHERE  ( pid=329 and id in (248,249,250,251,345,199,200,201,202,203,204,205,206,207,208,209,210,211,212,213,328,329,330,336,427,428,429,430,431,432,436,437,438,439,440,441) ) ORDER BY `sortnum` DESC,`id` ASC [ RunTime:0.001000s ]
[ sql ] [ SQL ] SELECT `id`,`name`,`icon` FROM `tp_module` WHERE  ( pid=427 and id in (248,249,250,251,345,199,200,201,202,203,204,205,206,207,208,209,210,211,212,213,328,329,330,336,427,428,429,430,431,432,436,437,438,439,440,441) ) ORDER BY `sortnum` DESC,`id` ASC [ RunTime:0.000000s ]
[ sql ] [ SQL ] SELECT `id`,`name`,`url` FROM `tp_module` WHERE  ( pid=428 and id in (248,249,250,251,345,199,200,201,202,203,204,205,206,207,208,209,210,211,212,213,328,329,330,336,427,428,429,430,431,432,436,437,438,439,440,441) ) ORDER BY `sortnum` DESC,`id` ASC [ RunTime:0.001000s ]
[ sql ] [ SQL ] SELECT `id`,`name`,`url` FROM `tp_module` WHERE  ( pid=438 and id in (248,249,250,251,345,199,200,201,202,203,204,205,206,207,208,209,210,211,212,213,328,329,330,336,427,428,429,430,431,432,436,437,438,439,440,441) ) ORDER BY `sortnum` DESC,`id` ASC [ RunTime:0.000000s ]
---------------------------------------------------------------
[ 2019-03-07T17:46:15+08:00 ] 127.0.0.1 GET tp5.1/boss.php/order/order.html
[运行时间：0.178010s] [吞吐率：5.62req/s] [内存消耗：2,459.79kb] [文件加载：80]
[ info ] [ LANG ] E:\sjx\PHPTutorial\WWW\tp5.1demo\thinkphp\lang\zh-cn.php
[ info ] [ ROUTE ] array (
)
[ info ] [ HEADER ] array (
  'cookie' => 'PHPSESSID=liv2hdlqgqcj95q8t3dc7tuss7',
  'accept-language' => 'zh-CN,zh;q=0.9',
  'accept-encoding' => 'gzip, deflate',
  'referer' => 'http://tp5.1/boss.php/index/index.html',
  'accept' => 'text/html,application/xhtml+xml,application/xml;q=0.9,image/webp,image/apng,*/*;q=0.8',
  'user-agent' => 'Mozilla/5.0 (Windows NT 6.1; Win64; x64) AppleWebKit/537.36 (KHTML, like Gecko) Chrome/67.0.3396.99 Safari/537.36',
  'upgrade-insecure-requests' => '1',
  'connection' => 'close',
  'host' => 'tp5.1',
)
[ info ] [ PARAM ] array (
)
[ info ] [ DB ] INIT mysql
[ info ] [ VIEW ] E:\sjx\PHPTutorial\WWW\tp5.1demo\application\admin\view\order\order.html [ array (
  0 => 'config',
  1 => 'priv',
  2 => 'admin_info',
  3 => 'top',
  4 => 'search',
  5 => 'info',
) ]
[ sql ] [ DB ] CONNECT:[ UseTime:0.010001s ] mysql:host=127.0.0.1;dbname=demo;charset=utf8
[ sql ] [ SQL ] SHOW COLUMNS FROM `tp_config` [ RunTime:0.007000s ]
[ sql ] [ SQL ] SELECT * FROM `tp_config` WHERE  `id` = 1 LIMIT 1 [ RunTime:0.001000s ]
[ sql ] [ SQL ] SELECT `forbid_ip` FROM `tp_config` WHERE  `id` = 1 LIMIT 1 [ RunTime:0.001000s ]
[ sql ] [ SQL ] SHOW COLUMNS FROM `tp_module` [ RunTime:0.007001s ]
[ sql ] [ SQL ] SELECT * FROM `tp_module` WHERE  ( url='/order/order' ) LIMIT 1 [ RunTime:0.000000s ]
[ sql ] [ SQL ] SHOW COLUMNS FROM `tp_admin_role` [ RunTime:0.007000s ]
[ sql ] [ SQL ] SELECT `button` FROM `tp_admin_role` WHERE  `id` = 1 LIMIT 1 [ RunTime:0.001000s ]
[ sql ] [ SQL ] SHOW COLUMNS FROM `tp_button` [ RunTime:0.014001s ]
[ sql ] [ SQL ] SELECT * FROM `tp_button` WHERE  ( id in (86,87,90) ) ORDER BY `sortnum` DESC,`id` ASC [ RunTime:0.001000s ]
[ sql ] [ SQL ] SELECT `module` FROM `tp_admin_role` WHERE  `id` = 1 LIMIT 1 [ RunTime:0.000000s ]
[ sql ] [ SQL ] SELECT `id`,`name`,`icon` FROM `tp_module` WHERE  ( pid=0 and id in (248,249,250,251,345,199,200,201,202,203,204,205,206,207,208,209,210,211,212,213,328,329,330,336,427,428,429,430,431,432,436,437,438,439,440,441) ) ORDER BY `sortnum` DESC,`id` ASC [ RunTime:0.001000s ]
[ sql ] [ SQL ] SELECT `id`,`name`,`icon` FROM `tp_module` WHERE  ( pid=248 and id in (248,249,250,251,345,199,200,201,202,203,204,205,206,207,208,209,210,211,212,213,328,329,330,336,427,428,429,430,431,432,436,437,438,439,440,441) ) ORDER BY `sortnum` DESC,`id` ASC [ RunTime:0.000000s ]
[ sql ] [ SQL ] SELECT `id`,`name`,`url` FROM `tp_module` WHERE  ( pid=249 and id in (248,249,250,251,345,199,200,201,202,203,204,205,206,207,208,209,210,211,212,213,328,329,330,336,427,428,429,430,431,432,436,437,438,439,440,441) ) ORDER BY `sortnum` DESC,`id` ASC [ RunTime:0.000000s ]
[ sql ] [ SQL ] SELECT `id`,`name`,`icon` FROM `tp_module` WHERE  ( pid=199 and id in (248,249,250,251,345,199,200,201,202,203,204,205,206,207,208,209,210,211,212,213,328,329,330,336,427,428,429,430,431,432,436,437,438,439,440,441) ) ORDER BY `sortnum` DESC,`id` ASC [ RunTime:0.000000s ]
[ sql ] [ SQL ] SELECT `id`,`name`,`url` FROM `tp_module` WHERE  ( pid=200 and id in (248,249,250,251,345,199,200,201,202,203,204,205,206,207,208,209,210,211,212,213,328,329,330,336,427,428,429,430,431,432,436,437,438,439,440,441) ) ORDER BY `sortnum` DESC,`id` ASC [ RunTime:0.000000s ]
[ sql ] [ SQL ] SELECT `id`,`name`,`url` FROM `tp_module` WHERE  ( pid=205 and id in (248,249,250,251,345,199,200,201,202,203,204,205,206,207,208,209,210,211,212,213,328,329,330,336,427,428,429,430,431,432,436,437,438,439,440,441) ) ORDER BY `sortnum` DESC,`id` ASC [ RunTime:0.000000s ]
[ sql ] [ SQL ] SELECT `id`,`name`,`icon` FROM `tp_module` WHERE  ( pid=207 and id in (248,249,250,251,345,199,200,201,202,203,204,205,206,207,208,209,210,211,212,213,328,329,330,336,427,428,429,430,431,432,436,437,438,439,440,441) ) ORDER BY `sortnum` DESC,`id` ASC [ RunTime:0.001000s ]
[ sql ] [ SQL ] SELECT `id`,`name`,`url` FROM `tp_module` WHERE  ( pid=208 and id in (248,249,250,251,345,199,200,201,202,203,204,205,206,207,208,209,210,211,212,213,328,329,330,336,427,428,429,430,431,432,436,437,438,439,440,441) ) ORDER BY `sortnum` DESC,`id` ASC [ RunTime:0.000000s ]
[ sql ] [ SQL ] SELECT `id`,`name`,`url` FROM `tp_module` WHERE  ( pid=211 and id in (248,249,250,251,345,199,200,201,202,203,204,205,206,207,208,209,210,211,212,213,328,329,330,336,427,428,429,430,431,432,436,437,438,439,440,441) ) ORDER BY `sortnum` DESC,`id` ASC [ RunTime:0.001001s ]
[ sql ] [ SQL ] SELECT `id`,`name`,`icon` FROM `tp_module` WHERE  ( pid=328 and id in (248,249,250,251,345,199,200,201,202,203,204,205,206,207,208,209,210,211,212,213,328,329,330,336,427,428,429,430,431,432,436,437,438,439,440,441) ) ORDER BY `sortnum` DESC,`id` ASC [ RunTime:0.000000s ]
[ sql ] [ SQL ] SELECT `id`,`name`,`url` FROM `tp_module` WHERE  ( pid=329 and id in (248,249,250,251,345,199,200,201,202,203,204,205,206,207,208,209,210,211,212,213,328,329,330,336,427,428,429,430,431,432,436,437,438,439,440,441) ) ORDER BY `sortnum` DESC,`id` ASC [ RunTime:0.001000s ]
[ sql ] [ SQL ] SELECT `id`,`name`,`icon` FROM `tp_module` WHERE  ( pid=427 and id in (248,249,250,251,345,199,200,201,202,203,204,205,206,207,208,209,210,211,212,213,328,329,330,336,427,428,429,430,431,432,436,437,438,439,440,441) ) ORDER BY `sortnum` DESC,`id` ASC [ RunTime:0.000000s ]
[ sql ] [ SQL ] SELECT `id`,`name`,`url` FROM `tp_module` WHERE  ( pid=428 and id in (248,249,250,251,345,199,200,201,202,203,204,205,206,207,208,209,210,211,212,213,328,329,330,336,427,428,429,430,431,432,436,437,438,439,440,441) ) ORDER BY `sortnum` DESC,`id` ASC [ RunTime:0.000000s ]
[ sql ] [ SQL ] SELECT `id`,`name`,`url` FROM `tp_module` WHERE  ( pid=438 and id in (248,249,250,251,345,199,200,201,202,203,204,205,206,207,208,209,210,211,212,213,328,329,330,336,427,428,429,430,431,432,436,437,438,439,440,441) ) ORDER BY `sortnum` DESC,`id` ASC [ RunTime:0.000000s ]
[ sql ] [ SQL ] SHOW COLUMNS FROM `tp_order` [ RunTime:0.026002s ]
[ sql ] [ SQL ] SELECT COUNT(*) AS tp_count FROM `tp_order` LIMIT 1 [ RunTime:0.000000s ]
[ sql ] [ SQL ] SELECT * FROM `tp_order` ORDER BY `id` DESC LIMIT 0,11 [ RunTime:0.000000s ]
