---------------------------------------------------------------
[ 2019-03-25T14:07:08+08:00 ] 127.0.0.1 GET tp5.1/boss.php
[运行时间：0.219013s] [吞吐率：4.57req/s] [内存消耗：2,335.00kb] [文件加载：75]
[ info ] [ LANG ] E:\sjx\PHPTutorial\WWW\tp5.1demo\thinkphp\lang\zh-cn.php
[ info ] [ ROUTE ] array (
)
[ info ] [ HEADER ] array (
  'accept-language' => 'zh-CN,zh;q=0.9',
  'accept-encoding' => 'gzip, deflate',
  'accept' => 'text/html,application/xhtml+xml,application/xml;q=0.9,image/webp,image/apng,*/*;q=0.8',
  'user-agent' => 'Mozilla/5.0 (Windows NT 6.1; Win64; x64) AppleWebKit/537.36 (KHTML, like Gecko) Chrome/67.0.3396.99 Safari/537.36',
  'upgrade-insecure-requests' => '1',
  'connection' => 'close',
  'host' => 'tp5.1',
)
[ info ] [ PARAM ] array (
)
[ info ] [ DB ] INIT mysql
[ sql ] [ DB ] CONNECT:[ UseTime:0.002000s ] mysql:host=127.0.0.1;dbname=jwpet;charset=utf8
[ sql ] [ SQL ] SHOW COLUMNS FROM `tp_config` [ RunTime:0.038002s ]
[ sql ] [ SQL ] SELECT * FROM `tp_config` WHERE  `id` = 1 LIMIT 1 [ RunTime:0.001000s ]
---------------------------------------------------------------
[ 2019-03-25T14:07:08+08:00 ] 127.0.0.1 GET tp5.1/boss.php/index/login.html
[运行时间：0.143008s] [吞吐率：6.99req/s] [内存消耗：2,472.08kb] [文件加载：79]
[ info ] [ LANG ] E:\sjx\PHPTutorial\WWW\tp5.1demo\thinkphp\lang\zh-cn.php
[ info ] [ ROUTE ] array (
)
[ info ] [ HEADER ] array (
  'cookie' => 'PHPSESSID=6hg0s2j97ggb3r24hc3vc0hgm2',
  'accept-language' => 'zh-CN,zh;q=0.9',
  'accept-encoding' => 'gzip, deflate',
  'accept' => 'text/html,application/xhtml+xml,application/xml;q=0.9,image/webp,image/apng,*/*;q=0.8',
  'user-agent' => 'Mozilla/5.0 (Windows NT 6.1; Win64; x64) AppleWebKit/537.36 (KHTML, like Gecko) Chrome/67.0.3396.99 Safari/537.36',
  'upgrade-insecure-requests' => '1',
  'connection' => 'close',
  'host' => 'tp5.1',
)
[ info ] [ PARAM ] array (
)
[ info ] [ DB ] INIT mysql
[ info ] [ VIEW ] E:\sjx\PHPTutorial\WWW\tp5.1demo\application\admin\view\index\login.html [ array (
  0 => 'config',
  1 => 'priv',
  2 => 'admin_info',
  3 => 'top',
) ]
[ sql ] [ DB ] CONNECT:[ UseTime:0.010000s ] mysql:host=127.0.0.1;dbname=jwpet;charset=utf8
[ sql ] [ SQL ] SHOW COLUMNS FROM `tp_config` [ RunTime:0.006001s ]
[ sql ] [ SQL ] SELECT * FROM `tp_config` WHERE  `id` = 1 LIMIT 1 [ RunTime:0.000000s ]
[ sql ] [ SQL ] SELECT `forbid_ip` FROM `tp_config` WHERE  `id` = 1 LIMIT 1 [ RunTime:0.001000s ]
[ sql ] [ SQL ] SHOW COLUMNS FROM `tp_module` [ RunTime:0.008000s ]
[ sql ] [ SQL ] SELECT * FROM `tp_module` WHERE  ( url='/index/login' ) LIMIT 1 [ RunTime:0.001000s ]
[ sql ] [ SQL ] SHOW COLUMNS FROM `tp_admin_role` [ RunTime:0.019001s ]
[ sql ] [ SQL ] SELECT `button` FROM `tp_admin_role` WHERE  `id` IS NULL LIMIT 1 [ RunTime:0.001000s ]
[ sql ] [ SQL ] SELECT `module` FROM `tp_admin_role` WHERE  `id` IS NULL LIMIT 1 [ RunTime:0.000000s ]
---------------------------------------------------------------
[ 2019-03-25T14:07:09+08:00 ] 127.0.0.1 GET tp5.1/boss.php/captcha.html
[运行时间：0.241014s] [吞吐率：4.15req/s] [内存消耗：1,087.94kb] [文件加载：56]
[ info ] [ LANG ] E:\sjx\PHPTutorial\WWW\tp5.1demo\thinkphp\lang\zh-cn.php
[ info ] [ ROUTE ] array (
  'rule' => 'captcha/<id?>',
  'route' => '\\think\\captcha\\CaptchaController@index',
  'option' => 
  array (
    'merge_rule_regex' => false,
  ),
  'var' => 
  array (
  ),
)
[ info ] [ HEADER ] array (
  'cookie' => 'PHPSESSID=6hg0s2j97ggb3r24hc3vc0hgm2',
  'accept-language' => 'zh-CN,zh;q=0.9',
  'accept-encoding' => 'gzip, deflate',
  'referer' => 'http://tp5.1/boss.php/index/login.html',
  'accept' => 'image/webp,image/apng,image/*,*/*;q=0.8',
  'user-agent' => 'Mozilla/5.0 (Windows NT 6.1; Win64; x64) AppleWebKit/537.36 (KHTML, like Gecko) Chrome/67.0.3396.99 Safari/537.36',
  'connection' => 'close',
  'host' => 'tp5.1',
)
[ info ] [ PARAM ] array (
)
---------------------------------------------------------------
[ 2019-03-25T14:07:14+08:00 ] 127.0.0.1 POST tp5.1/boss.php/index/login.html
[运行时间：0.084005s] [吞吐率：11.90req/s] [内存消耗：2,385.48kb] [文件加载：78]
[ info ] [ LANG ] E:\sjx\PHPTutorial\WWW\tp5.1demo\thinkphp\lang\zh-cn.php
[ info ] [ ROUTE ] array (
)
[ info ] [ HEADER ] array (
  'cookie' => 'PHPSESSID=6hg0s2j97ggb3r24hc3vc0hgm2',
  'accept-language' => 'zh-CN,zh;q=0.9',
  'accept-encoding' => 'gzip, deflate',
  'referer' => 'http://tp5.1/boss.php/index/login.html',
  'content-type' => 'application/x-www-form-urlencoded; charset=UTF-8',
  'token' => 'c2e45d3fd23e54fb005319fdc7827fec',
  'user-agent' => 'Mozilla/5.0 (Windows NT 6.1; Win64; x64) AppleWebKit/537.36 (KHTML, like Gecko) Chrome/67.0.3396.99 Safari/537.36',
  'x-requested-with' => 'XMLHttpRequest',
  'origin' => 'http://tp5.1',
  'accept' => 'application/json, text/javascript, */*; q=0.01',
  'content-length' => '86',
  'connection' => 'close',
  'host' => 'tp5.1',
)
[ info ] [ PARAM ] array (
  'username' => 'admin',
  'password' => '123456',
  'captcha' => 'ekxj',
  '__token__' => 'c2e45d3fd23e54fb005319fdc7827fec',
)
[ info ] [ DB ] INIT mysql
[ sql ] [ DB ] CONNECT:[ UseTime:0.010000s ] mysql:host=127.0.0.1;dbname=jwpet;charset=utf8
[ sql ] [ SQL ] SHOW COLUMNS FROM `tp_config` [ RunTime:0.007001s ]
[ sql ] [ SQL ] SELECT * FROM `tp_config` WHERE  `id` = 1 LIMIT 1 [ RunTime:0.001000s ]
[ sql ] [ SQL ] SELECT `forbid_ip` FROM `tp_config` WHERE  `id` = 1 LIMIT 1 [ RunTime:0.000000s ]
[ sql ] [ SQL ] SHOW COLUMNS FROM `tp_module` [ RunTime:0.006000s ]
[ sql ] [ SQL ] SELECT * FROM `tp_module` WHERE  ( url='/index/login' ) LIMIT 1 [ RunTime:0.000000s ]
[ sql ] [ SQL ] SHOW COLUMNS FROM `tp_admin_role` [ RunTime:0.006001s ]
[ sql ] [ SQL ] SELECT `button` FROM `tp_admin_role` WHERE  `id` IS NULL LIMIT 1 [ RunTime:0.001000s ]
[ sql ] [ SQL ] SELECT `module` FROM `tp_admin_role` WHERE  `id` IS NULL LIMIT 1 [ RunTime:0.000000s ]
---------------------------------------------------------------
[ 2019-03-25T14:07:27+08:00 ] 127.0.0.1 POST tp5.1/boss.php/index/login.html
[运行时间：0.074004s] [吞吐率：13.51req/s] [内存消耗：2,385.48kb] [文件加载：78]
[ info ] [ LANG ] E:\sjx\PHPTutorial\WWW\tp5.1demo\thinkphp\lang\zh-cn.php
[ info ] [ ROUTE ] array (
)
[ info ] [ HEADER ] array (
  'cookie' => 'PHPSESSID=6hg0s2j97ggb3r24hc3vc0hgm2',
  'accept-language' => 'zh-CN,zh;q=0.9',
  'accept-encoding' => 'gzip, deflate',
  'referer' => 'http://tp5.1/boss.php/index/login.html',
  'content-type' => 'application/x-www-form-urlencoded; charset=UTF-8',
  'token' => '4a53a58f5270319a68baffa502884ebc',
  'user-agent' => 'Mozilla/5.0 (Windows NT 6.1; Win64; x64) AppleWebKit/537.36 (KHTML, like Gecko) Chrome/67.0.3396.99 Safari/537.36',
  'x-requested-with' => 'XMLHttpRequest',
  'origin' => 'http://tp5.1',
  'accept' => 'application/json, text/javascript, */*; q=0.01',
  'content-length' => '86',
  'connection' => 'close',
  'host' => 'tp5.1',
)
[ info ] [ PARAM ] array (
  'username' => 'admin',
  'password' => '123456',
  'captcha' => 'ekfj',
  '__token__' => '4a53a58f5270319a68baffa502884ebc',
)
[ info ] [ DB ] INIT mysql
[ sql ] [ DB ] CONNECT:[ UseTime:0.010000s ] mysql:host=127.0.0.1;dbname=jwpet;charset=utf8
[ sql ] [ SQL ] SHOW COLUMNS FROM `tp_config` [ RunTime:0.007001s ]
[ sql ] [ SQL ] SELECT * FROM `tp_config` WHERE  `id` = 1 LIMIT 1 [ RunTime:0.001000s ]
[ sql ] [ SQL ] SELECT `forbid_ip` FROM `tp_config` WHERE  `id` = 1 LIMIT 1 [ RunTime:0.000000s ]
[ sql ] [ SQL ] SHOW COLUMNS FROM `tp_module` [ RunTime:0.006000s ]
[ sql ] [ SQL ] SELECT * FROM `tp_module` WHERE  ( url='/index/login' ) LIMIT 1 [ RunTime:0.000000s ]
[ sql ] [ SQL ] SHOW COLUMNS FROM `tp_admin_role` [ RunTime:0.006001s ]
[ sql ] [ SQL ] SELECT `button` FROM `tp_admin_role` WHERE  `id` IS NULL LIMIT 1 [ RunTime:0.001000s ]
[ sql ] [ SQL ] SELECT `module` FROM `tp_admin_role` WHERE  `id` IS NULL LIMIT 1 [ RunTime:0.000000s ]
---------------------------------------------------------------
[ 2019-03-25T14:07:35+08:00 ] 127.0.0.1 POST tp5.1/boss.php/index/login.html
[运行时间：0.085005s] [吞吐率：11.76req/s] [内存消耗：2,385.48kb] [文件加载：78]
[ info ] [ LANG ] E:\sjx\PHPTutorial\WWW\tp5.1demo\thinkphp\lang\zh-cn.php
[ info ] [ ROUTE ] array (
)
[ info ] [ HEADER ] array (
  'cookie' => 'PHPSESSID=6hg0s2j97ggb3r24hc3vc0hgm2',
  'accept-language' => 'zh-CN,zh;q=0.9',
  'accept-encoding' => 'gzip, deflate',
  'referer' => 'http://tp5.1/boss.php/index/login.html',
  'content-type' => 'application/x-www-form-urlencoded; charset=UTF-8',
  'token' => '8c749c090ac092b79b4c81cef7559782',
  'user-agent' => 'Mozilla/5.0 (Windows NT 6.1; Win64; x64) AppleWebKit/537.36 (KHTML, like Gecko) Chrome/67.0.3396.99 Safari/537.36',
  'x-requested-with' => 'XMLHttpRequest',
  'origin' => 'http://tp5.1',
  'accept' => 'application/json, text/javascript, */*; q=0.01',
  'content-length' => '86',
  'connection' => 'close',
  'host' => 'tp5.1',
)
[ info ] [ PARAM ] array (
  'username' => 'admin',
  'password' => '123456',
  'captcha' => 'ektj',
  '__token__' => '8c749c090ac092b79b4c81cef7559782',
)
[ info ] [ DB ] INIT mysql
[ sql ] [ DB ] CONNECT:[ UseTime:0.010001s ] mysql:host=127.0.0.1;dbname=jwpet;charset=utf8
[ sql ] [ SQL ] SHOW COLUMNS FROM `tp_config` [ RunTime:0.007000s ]
[ sql ] [ SQL ] SELECT * FROM `tp_config` WHERE  `id` = 1 LIMIT 1 [ RunTime:0.001000s ]
[ sql ] [ SQL ] SELECT `forbid_ip` FROM `tp_config` WHERE  `id` = 1 LIMIT 1 [ RunTime:0.000000s ]
[ sql ] [ SQL ] SHOW COLUMNS FROM `tp_module` [ RunTime:0.006001s ]
[ sql ] [ SQL ] SELECT * FROM `tp_module` WHERE  ( url='/index/login' ) LIMIT 1 [ RunTime:0.001000s ]
[ sql ] [ SQL ] SHOW COLUMNS FROM `tp_admin_role` [ RunTime:0.006000s ]
[ sql ] [ SQL ] SELECT `button` FROM `tp_admin_role` WHERE  `id` IS NULL LIMIT 1 [ RunTime:0.000000s ]
[ sql ] [ SQL ] SELECT `module` FROM `tp_admin_role` WHERE  `id` IS NULL LIMIT 1 [ RunTime:0.001000s ]
---------------------------------------------------------------
[ 2019-03-25T14:07:36+08:00 ] 127.0.0.1 GET tp5.1/boss.php/captcha.html?x=0.8814818419631965
[运行时间：0.038003s] [吞吐率：26.31req/s] [内存消耗：1,088.57kb] [文件加载：56]
[ info ] [ LANG ] E:\sjx\PHPTutorial\WWW\tp5.1demo\thinkphp\lang\zh-cn.php
[ info ] [ ROUTE ] array (
  'rule' => 'captcha/<id?>',
  'route' => '\\think\\captcha\\CaptchaController@index',
  'option' => 
  array (
    'merge_rule_regex' => false,
  ),
  'var' => 
  array (
  ),
)
[ info ] [ HEADER ] array (
  'cookie' => 'PHPSESSID=6hg0s2j97ggb3r24hc3vc0hgm2',
  'accept-language' => 'zh-CN,zh;q=0.9',
  'accept-encoding' => 'gzip, deflate',
  'referer' => 'http://tp5.1/boss.php/index/login.html',
  'accept' => 'image/webp,image/apng,image/*,*/*;q=0.8',
  'user-agent' => 'Mozilla/5.0 (Windows NT 6.1; Win64; x64) AppleWebKit/537.36 (KHTML, like Gecko) Chrome/67.0.3396.99 Safari/537.36',
  'connection' => 'close',
  'host' => 'tp5.1',
)
[ info ] [ PARAM ] array (
  'x' => '0.8814818419631965',
)
---------------------------------------------------------------
[ 2019-03-25T14:07:42+08:00 ] 127.0.0.1 POST tp5.1/boss.php/index/login.html
[运行时间：0.119007s] [吞吐率：8.40req/s] [内存消耗：2,624.49kb] [文件加载：85]
[ info ] [ LANG ] E:\sjx\PHPTutorial\WWW\tp5.1demo\thinkphp\lang\zh-cn.php
[ info ] [ ROUTE ] array (
)
[ info ] [ HEADER ] array (
  'cookie' => 'PHPSESSID=6hg0s2j97ggb3r24hc3vc0hgm2',
  'accept-language' => 'zh-CN,zh;q=0.9',
  'accept-encoding' => 'gzip, deflate',
  'referer' => 'http://tp5.1/boss.php/index/login.html',
  'content-type' => 'application/x-www-form-urlencoded; charset=UTF-8',
  'token' => '757e945fd4283494a17258d3c6ec9929',
  'user-agent' => 'Mozilla/5.0 (Windows NT 6.1; Win64; x64) AppleWebKit/537.36 (KHTML, like Gecko) Chrome/67.0.3396.99 Safari/537.36',
  'x-requested-with' => 'XMLHttpRequest',
  'origin' => 'http://tp5.1',
  'accept' => 'application/json, text/javascript, */*; q=0.01',
  'content-length' => '86',
  'connection' => 'close',
  'host' => 'tp5.1',
)
[ info ] [ PARAM ] array (
  'username' => 'admin',
  'password' => '123456',
  'captcha' => 'xt2u',
  '__token__' => '757e945fd4283494a17258d3c6ec9929',
)
[ info ] [ DB ] INIT mysql
[ sql ] [ DB ] CONNECT:[ UseTime:0.001000s ] mysql:host=127.0.0.1;dbname=jwpet;charset=utf8
[ sql ] [ SQL ] SHOW COLUMNS FROM `tp_config` [ RunTime:0.007000s ]
[ sql ] [ SQL ] SELECT * FROM `tp_config` WHERE  `id` = 1 LIMIT 1 [ RunTime:0.001000s ]
[ sql ] [ SQL ] SELECT `forbid_ip` FROM `tp_config` WHERE  `id` = 1 LIMIT 1 [ RunTime:0.000000s ]
[ sql ] [ SQL ] SHOW COLUMNS FROM `tp_module` [ RunTime:0.006000s ]
[ sql ] [ SQL ] SELECT * FROM `tp_module` WHERE  ( url='/index/login' ) LIMIT 1 [ RunTime:0.000000s ]
[ sql ] [ SQL ] SHOW COLUMNS FROM `tp_admin_role` [ RunTime:0.006000s ]
[ sql ] [ SQL ] SELECT `button` FROM `tp_admin_role` WHERE  `id` IS NULL LIMIT 1 [ RunTime:0.000000s ]
[ sql ] [ SQL ] SELECT `module` FROM `tp_admin_role` WHERE  `id` IS NULL LIMIT 1 [ RunTime:0.000000s ]
[ sql ] [ SQL ] SHOW COLUMNS FROM `tp_admin` [ RunTime:0.012001s ]
[ sql ] [ SQL ] SELECT * FROM `tp_admin` WHERE  `admin_name` = 'admin' LIMIT 1 [ RunTime:0.001000s ]
---------------------------------------------------------------
[ 2019-03-25T14:07:47+08:00 ] 127.0.0.1 POST tp5.1/boss.php/index/login.html
[运行时间：0.096005s] [吞吐率：10.42req/s] [内存消耗：2,624.50kb] [文件加载：85]
[ info ] [ LANG ] E:\sjx\PHPTutorial\WWW\tp5.1demo\thinkphp\lang\zh-cn.php
[ info ] [ ROUTE ] array (
)
[ info ] [ HEADER ] array (
  'cookie' => 'PHPSESSID=6hg0s2j97ggb3r24hc3vc0hgm2',
  'accept-language' => 'zh-CN,zh;q=0.9',
  'accept-encoding' => 'gzip, deflate',
  'referer' => 'http://tp5.1/boss.php/index/login.html',
  'content-type' => 'application/x-www-form-urlencoded; charset=UTF-8',
  'token' => 'c1df44b0bf94bec3aebe0cf97702a6f4',
  'user-agent' => 'Mozilla/5.0 (Windows NT 6.1; Win64; x64) AppleWebKit/537.36 (KHTML, like Gecko) Chrome/67.0.3396.99 Safari/537.36',
  'x-requested-with' => 'XMLHttpRequest',
  'origin' => 'http://tp5.1',
  'accept' => 'application/json, text/javascript, */*; q=0.01',
  'content-length' => '89',
  'connection' => 'close',
  'host' => 'tp5.1',
)
[ info ] [ PARAM ] array (
  'username' => 'admin123',
  'password' => '123456',
  'captcha' => 'xt2u',
  '__token__' => 'c1df44b0bf94bec3aebe0cf97702a6f4',
)
[ info ] [ DB ] INIT mysql
[ sql ] [ DB ] CONNECT:[ UseTime:0.010001s ] mysql:host=127.0.0.1;dbname=jwpet;charset=utf8
[ sql ] [ SQL ] SHOW COLUMNS FROM `tp_config` [ RunTime:0.007000s ]
[ sql ] [ SQL ] SELECT * FROM `tp_config` WHERE  `id` = 1 LIMIT 1 [ RunTime:0.001000s ]
[ sql ] [ SQL ] SELECT `forbid_ip` FROM `tp_config` WHERE  `id` = 1 LIMIT 1 [ RunTime:0.000000s ]
[ sql ] [ SQL ] SHOW COLUMNS FROM `tp_module` [ RunTime:0.006001s ]
[ sql ] [ SQL ] SELECT * FROM `tp_module` WHERE  ( url='/index/login' ) LIMIT 1 [ RunTime:0.000000s ]
[ sql ] [ SQL ] SHOW COLUMNS FROM `tp_admin_role` [ RunTime:0.006000s ]
[ sql ] [ SQL ] SELECT `button` FROM `tp_admin_role` WHERE  `id` IS NULL LIMIT 1 [ RunTime:0.000000s ]
[ sql ] [ SQL ] SELECT `module` FROM `tp_admin_role` WHERE  `id` IS NULL LIMIT 1 [ RunTime:0.000000s ]
[ sql ] [ SQL ] SHOW COLUMNS FROM `tp_admin` [ RunTime:0.007000s ]
[ sql ] [ SQL ] SELECT * FROM `tp_admin` WHERE  `admin_name` = 'admin123' LIMIT 1 [ RunTime:0.000000s ]
---------------------------------------------------------------
[ 2019-03-25T14:07:53+08:00 ] 127.0.0.1 POST tp5.1/boss.php/index/login.html
[运行时间：0.075004s] [吞吐率：13.33req/s] [内存消耗：2,624.49kb] [文件加载：85]
[ info ] [ LANG ] E:\sjx\PHPTutorial\WWW\tp5.1demo\thinkphp\lang\zh-cn.php
[ info ] [ ROUTE ] array (
)
[ info ] [ HEADER ] array (
  'cookie' => 'PHPSESSID=6hg0s2j97ggb3r24hc3vc0hgm2',
  'accept-language' => 'zh-CN,zh;q=0.9',
  'accept-encoding' => 'gzip, deflate',
  'referer' => 'http://tp5.1/boss.php/index/login.html',
  'content-type' => 'application/x-www-form-urlencoded; charset=UTF-8',
  'token' => '5e8c5d4c35d8f1be85adb42c00872bb2',
  'user-agent' => 'Mozilla/5.0 (Windows NT 6.1; Win64; x64) AppleWebKit/537.36 (KHTML, like Gecko) Chrome/67.0.3396.99 Safari/537.36',
  'x-requested-with' => 'XMLHttpRequest',
  'origin' => 'http://tp5.1',
  'accept' => 'application/json, text/javascript, */*; q=0.01',
  'content-length' => '87',
  'connection' => 'close',
  'host' => 'tp5.1',
)
[ info ] [ PARAM ] array (
  'username' => 'admin1',
  'password' => '123456',
  'captcha' => 'xt2u',
  '__token__' => '5e8c5d4c35d8f1be85adb42c00872bb2',
)
[ info ] [ DB ] INIT mysql
[ sql ] [ DB ] CONNECT:[ UseTime:0.001000s ] mysql:host=127.0.0.1;dbname=jwpet;charset=utf8
[ sql ] [ SQL ] SHOW COLUMNS FROM `tp_config` [ RunTime:0.007000s ]
[ sql ] [ SQL ] SELECT * FROM `tp_config` WHERE  `id` = 1 LIMIT 1 [ RunTime:0.001000s ]
[ sql ] [ SQL ] SELECT `forbid_ip` FROM `tp_config` WHERE  `id` = 1 LIMIT 1 [ RunTime:0.000000s ]
[ sql ] [ SQL ] SHOW COLUMNS FROM `tp_module` [ RunTime:0.006000s ]
[ sql ] [ SQL ] SELECT * FROM `tp_module` WHERE  ( url='/index/login' ) LIMIT 1 [ RunTime:0.000000s ]
[ sql ] [ SQL ] SHOW COLUMNS FROM `tp_admin_role` [ RunTime:0.007000s ]
[ sql ] [ SQL ] SELECT `button` FROM `tp_admin_role` WHERE  `id` IS NULL LIMIT 1 [ RunTime:0.000000s ]
[ sql ] [ SQL ] SELECT `module` FROM `tp_admin_role` WHERE  `id` IS NULL LIMIT 1 [ RunTime:0.000000s ]
[ sql ] [ SQL ] SHOW COLUMNS FROM `tp_admin` [ RunTime:0.007001s ]
[ sql ] [ SQL ] SELECT * FROM `tp_admin` WHERE  `admin_name` = 'admin1' LIMIT 1 [ RunTime:0.000000s ]
---------------------------------------------------------------
[ 2019-03-25T14:07:58+08:00 ] 127.0.0.1 POST tp5.1/boss.php/index/login.html
[运行时间：0.130007s] [吞吐率：7.69req/s] [内存消耗：2,610.01kb] [文件加载：87]
[ info ] [ LANG ] E:\sjx\PHPTutorial\WWW\tp5.1demo\thinkphp\lang\zh-cn.php
[ info ] [ ROUTE ] array (
)
[ info ] [ HEADER ] array (
  'cookie' => 'PHPSESSID=6hg0s2j97ggb3r24hc3vc0hgm2',
  'accept-language' => 'zh-CN,zh;q=0.9',
  'accept-encoding' => 'gzip, deflate',
  'referer' => 'http://tp5.1/boss.php/index/login.html',
  'content-type' => 'application/x-www-form-urlencoded; charset=UTF-8',
  'token' => '87ae556d452e7f4ca2761093c104005c',
  'user-agent' => 'Mozilla/5.0 (Windows NT 6.1; Win64; x64) AppleWebKit/537.36 (KHTML, like Gecko) Chrome/67.0.3396.99 Safari/537.36',
  'x-requested-with' => 'XMLHttpRequest',
  'origin' => 'http://tp5.1',
  'accept' => 'application/json, text/javascript, */*; q=0.01',
  'content-length' => '87',
  'connection' => 'close',
  'host' => 'tp5.1',
)
[ info ] [ PARAM ] array (
  'username' => 'admins',
  'password' => '123456',
  'captcha' => 'xt2u',
  '__token__' => '87ae556d452e7f4ca2761093c104005c',
)
[ info ] [ DB ] INIT mysql
[ sql ] [ DB ] CONNECT:[ UseTime:0.010001s ] mysql:host=127.0.0.1;dbname=jwpet;charset=utf8
[ sql ] [ SQL ] SHOW COLUMNS FROM `tp_config` [ RunTime:0.007000s ]
[ sql ] [ SQL ] SELECT * FROM `tp_config` WHERE  `id` = 1 LIMIT 1 [ RunTime:0.001000s ]
[ sql ] [ SQL ] SELECT `forbid_ip` FROM `tp_config` WHERE  `id` = 1 LIMIT 1 [ RunTime:0.000000s ]
[ sql ] [ SQL ] SHOW COLUMNS FROM `tp_module` [ RunTime:0.007001s ]
[ sql ] [ SQL ] SELECT * FROM `tp_module` WHERE  ( url='/index/login' ) LIMIT 1 [ RunTime:0.000000s ]
[ sql ] [ SQL ] SHOW COLUMNS FROM `tp_admin_role` [ RunTime:0.006000s ]
[ sql ] [ SQL ] SELECT `button` FROM `tp_admin_role` WHERE  `id` IS NULL LIMIT 1 [ RunTime:0.000000s ]
[ sql ] [ SQL ] SELECT `module` FROM `tp_admin_role` WHERE  `id` IS NULL LIMIT 1 [ RunTime:0.000000s ]
[ sql ] [ SQL ] SHOW COLUMNS FROM `tp_admin` [ RunTime:0.006000s ]
[ sql ] [ SQL ] SELECT * FROM `tp_admin` WHERE  `admin_name` = 'admins' LIMIT 1 [ RunTime:0.001000s ]
[ sql ] [ SQL ] UPDATE `tp_admin`  SET `logintime` = 1553494078 , `lastlogintime` = 1553494078 , `token` = 'c336c3e4-d86c-4a03-9f09-7e2e9669bf0b'  WHERE  `admin_id` = 31 [ RunTime:0.001001s ]
[ sql ] [ SQL ] SELECT `name` FROM `tp_admin_role` WHERE  `id` = 1 LIMIT 1 [ RunTime:0.000000s ]
[ sql ] [ SQL ] SHOW COLUMNS FROM `tp_admin_login_log` [ RunTime:0.009000s ]
[ sql ] [ SQL ] INSERT INTO `tp_admin_login_log` (`admin_id` , `log_info` , `log_ip` , `log_time`) VALUES (31 , '后台登录' , '127.0.0.1' , 1553494078) [ RunTime:0.001000s ]
---------------------------------------------------------------
[ 2019-03-25T14:08:00+08:00 ] 127.0.0.1 GET tp5.1/boss.php/index/index.html
[运行时间：0.140008s] [吞吐率：7.14req/s] [内存消耗：2,630.05kb] [文件加载：79]
[ info ] [ LANG ] E:\sjx\PHPTutorial\WWW\tp5.1demo\thinkphp\lang\zh-cn.php
[ info ] [ ROUTE ] array (
)
[ info ] [ HEADER ] array (
  'cookie' => 'PHPSESSID=6hg0s2j97ggb3r24hc3vc0hgm2',
  'accept-language' => 'zh-CN,zh;q=0.9',
  'accept-encoding' => 'gzip, deflate',
  'referer' => 'http://tp5.1/boss.php/index/login.html',
  'accept' => 'text/html,application/xhtml+xml,application/xml;q=0.9,image/webp,image/apng,*/*;q=0.8',
  'user-agent' => 'Mozilla/5.0 (Windows NT 6.1; Win64; x64) AppleWebKit/537.36 (KHTML, like Gecko) Chrome/67.0.3396.99 Safari/537.36',
  'upgrade-insecure-requests' => '1',
  'connection' => 'close',
  'host' => 'tp5.1',
)
[ info ] [ PARAM ] array (
)
[ info ] [ DB ] INIT mysql
[ info ] [ VIEW ] E:\sjx\PHPTutorial\WWW\tp5.1demo\application\admin\view\index\index.html [ array (
  0 => 'config',
  1 => 'priv',
  2 => 'admin_info',
  3 => 'top',
) ]
[ sql ] [ DB ] CONNECT:[ UseTime:0.010001s ] mysql:host=127.0.0.1;dbname=jwpet;charset=utf8
[ sql ] [ SQL ] SHOW COLUMNS FROM `tp_config` [ RunTime:0.007000s ]
[ sql ] [ SQL ] SELECT * FROM `tp_config` WHERE  `id` = 1 LIMIT 1 [ RunTime:0.001000s ]
[ sql ] [ SQL ] SELECT `forbid_ip` FROM `tp_config` WHERE  `id` = 1 LIMIT 1 [ RunTime:0.000000s ]
[ sql ] [ SQL ] SHOW COLUMNS FROM `tp_module` [ RunTime:0.006001s ]
[ sql ] [ SQL ] SELECT * FROM `tp_module` WHERE  ( url='/index/index' ) LIMIT 1 [ RunTime:0.001000s ]
[ sql ] [ SQL ] SHOW COLUMNS FROM `tp_admin_role` [ RunTime:0.007000s ]
[ sql ] [ SQL ] SELECT `button` FROM `tp_admin_role` WHERE  `id` = 1 LIMIT 1 [ RunTime:0.000000s ]
[ sql ] [ SQL ] SELECT `module` FROM `tp_admin_role` WHERE  `id` = 1 LIMIT 1 [ RunTime:0.001000s ]
[ sql ] [ SQL ] SELECT `id`,`name`,`icon` FROM `tp_module` WHERE  ( pid=0 and id in (248,249,250,199,200,201,202,203,204,205,206,207,211,212,213,328,329,330,336,451,442,443,444,445,446,447,448,449,450,427,428,429,430,438,439) ) ORDER BY `sortnum` DESC,`id` ASC [ RunTime:0.000000s ]
[ sql ] [ SQL ] SELECT `id`,`name`,`icon` FROM `tp_module` WHERE  ( pid=248 and id in (248,249,250,199,200,201,202,203,204,205,206,207,211,212,213,328,329,330,336,451,442,443,444,445,446,447,448,449,450,427,428,429,430,438,439) ) ORDER BY `sortnum` DESC,`id` ASC [ RunTime:0.001000s ]
[ sql ] [ SQL ] SELECT `id`,`name`,`url` FROM `tp_module` WHERE  ( pid=249 and id in (248,249,250,199,200,201,202,203,204,205,206,207,211,212,213,328,329,330,336,451,442,443,444,445,446,447,448,449,450,427,428,429,430,438,439) ) ORDER BY `sortnum` DESC,`id` ASC [ RunTime:0.000000s ]
[ sql ] [ SQL ] SELECT `id`,`name`,`icon` FROM `tp_module` WHERE  ( pid=199 and id in (248,249,250,199,200,201,202,203,204,205,206,207,211,212,213,328,329,330,336,451,442,443,444,445,446,447,448,449,450,427,428,429,430,438,439) ) ORDER BY `sortnum` DESC,`id` ASC [ RunTime:0.001000s ]
[ sql ] [ SQL ] SELECT `id`,`name`,`url` FROM `tp_module` WHERE  ( pid=200 and id in (248,249,250,199,200,201,202,203,204,205,206,207,211,212,213,328,329,330,336,451,442,443,444,445,446,447,448,449,450,427,428,429,430,438,439) ) ORDER BY `sortnum` DESC,`id` ASC [ RunTime:0.000000s ]
[ sql ] [ SQL ] SELECT `id`,`name`,`url` FROM `tp_module` WHERE  ( pid=205 and id in (248,249,250,199,200,201,202,203,204,205,206,207,211,212,213,328,329,330,336,451,442,443,444,445,446,447,448,449,450,427,428,429,430,438,439) ) ORDER BY `sortnum` DESC,`id` ASC [ RunTime:0.001001s ]
[ sql ] [ SQL ] SELECT `id`,`name`,`icon` FROM `tp_module` WHERE  ( pid=207 and id in (248,249,250,199,200,201,202,203,204,205,206,207,211,212,213,328,329,330,336,451,442,443,444,445,446,447,448,449,450,427,428,429,430,438,439) ) ORDER BY `sortnum` DESC,`id` ASC [ RunTime:0.000000s ]
[ sql ] [ SQL ] SELECT `id`,`name`,`url` FROM `tp_module` WHERE  ( pid=211 and id in (248,249,250,199,200,201,202,203,204,205,206,207,211,212,213,328,329,330,336,451,442,443,444,445,446,447,448,449,450,427,428,429,430,438,439) ) ORDER BY `sortnum` DESC,`id` ASC [ RunTime:0.001000s ]
[ sql ] [ SQL ] SELECT `id`,`name`,`icon` FROM `tp_module` WHERE  ( pid=328 and id in (248,249,250,199,200,201,202,203,204,205,206,207,211,212,213,328,329,330,336,451,442,443,444,445,446,447,448,449,450,427,428,429,430,438,439) ) ORDER BY `sortnum` DESC,`id` ASC [ RunTime:0.000000s ]
[ sql ] [ SQL ] SELECT `id`,`name`,`url` FROM `tp_module` WHERE  ( pid=329 and id in (248,249,250,199,200,201,202,203,204,205,206,207,211,212,213,328,329,330,336,451,442,443,444,445,446,447,448,449,450,427,428,429,430,438,439) ) ORDER BY `sortnum` DESC,`id` ASC [ RunTime:0.001000s ]
[ sql ] [ SQL ] SELECT `id`,`name`,`url` FROM `tp_module` WHERE  ( pid=442 and id in (248,249,250,199,200,201,202,203,204,205,206,207,211,212,213,328,329,330,336,451,442,443,444,445,446,447,448,449,450,427,428,429,430,438,439) ) ORDER BY `sortnum` DESC,`id` ASC [ RunTime:0.000000s ]
[ sql ] [ SQL ] SELECT `id`,`name`,`url` FROM `tp_module` WHERE  ( pid=445 and id in (248,249,250,199,200,201,202,203,204,205,206,207,211,212,213,328,329,330,336,451,442,443,444,445,446,447,448,449,450,427,428,429,430,438,439) ) ORDER BY `sortnum` DESC,`id` ASC [ RunTime:0.000000s ]
[ sql ] [ SQL ] SELECT `id`,`name`,`url` FROM `tp_module` WHERE  ( pid=448 and id in (248,249,250,199,200,201,202,203,204,205,206,207,211,212,213,328,329,330,336,451,442,443,444,445,446,447,448,449,450,427,428,429,430,438,439) ) ORDER BY `sortnum` DESC,`id` ASC [ RunTime:0.000000s ]
[ sql ] [ SQL ] SELECT `id`,`name`,`icon` FROM `tp_module` WHERE  ( pid=427 and id in (248,249,250,199,200,201,202,203,204,205,206,207,211,212,213,328,329,330,336,451,442,443,444,445,446,447,448,449,450,427,428,429,430,438,439) ) ORDER BY `sortnum` DESC,`id` ASC [ RunTime:0.000000s ]
[ sql ] [ SQL ] SELECT `id`,`name`,`url` FROM `tp_module` WHERE  ( pid=428 and id in (248,249,250,199,200,201,202,203,204,205,206,207,211,212,213,328,329,330,336,451,442,443,444,445,446,447,448,449,450,427,428,429,430,438,439) ) ORDER BY `sortnum` DESC,`id` ASC [ RunTime:0.000000s ]
[ sql ] [ SQL ] SELECT `id`,`name`,`url` FROM `tp_module` WHERE  ( pid=438 and id in (248,249,250,199,200,201,202,203,204,205,206,207,211,212,213,328,329,330,336,451,442,443,444,445,446,447,448,449,450,427,428,429,430,438,439) ) ORDER BY `sortnum` DESC,`id` ASC [ RunTime:0.000000s ]
---------------------------------------------------------------
[ 2019-03-25T14:08:00+08:00 ] 127.0.0.1 GET tp5.1/boss.php/index/welcome.html
[运行时间：0.156009s] [吞吐率：6.41req/s] [内存消耗：2,374.75kb] [文件加载：75]
[ info ] [ LANG ] E:\sjx\PHPTutorial\WWW\tp5.1demo\thinkphp\lang\zh-cn.php
[ info ] [ ROUTE ] array (
)
[ info ] [ HEADER ] array (
  'cookie' => 'PHPSESSID=6hg0s2j97ggb3r24hc3vc0hgm2',
  'accept-language' => 'zh-CN,zh;q=0.9',
  'accept-encoding' => 'gzip, deflate',
  'referer' => 'http://tp5.1/boss.php/index/index.html',
  'accept' => 'text/html,application/xhtml+xml,application/xml;q=0.9,image/webp,image/apng,*/*;q=0.8',
  'user-agent' => 'Mozilla/5.0 (Windows NT 6.1; Win64; x64) AppleWebKit/537.36 (KHTML, like Gecko) Chrome/67.0.3396.99 Safari/537.36',
  'upgrade-insecure-requests' => '1',
  'connection' => 'close',
  'host' => 'tp5.1',
)
[ info ] [ PARAM ] array (
)
[ info ] [ DB ] INIT mysql
[ info ] [ VIEW ] E:\sjx\PHPTutorial\WWW\tp5.1demo\application\admin\view\index\welcome.html [ array (
  0 => 'config',
  1 => 'priv',
  2 => 'admin_info',
  3 => 'top',
  4 => 'log_nums',
  5 => 'admin_log',
  6 => 'mysql_version',
) ]
[ sql ] [ DB ] CONNECT:[ UseTime:0.010000s ] mysql:host=127.0.0.1;dbname=jwpet;charset=utf8
[ sql ] [ SQL ] SHOW COLUMNS FROM `tp_config` [ RunTime:0.007001s ]
[ sql ] [ SQL ] SELECT * FROM `tp_config` WHERE  `id` = 1 LIMIT 1 [ RunTime:0.000000s ]
[ sql ] [ SQL ] SELECT `forbid_ip` FROM `tp_config` WHERE  `id` = 1 LIMIT 1 [ RunTime:0.001000s ]
[ sql ] [ SQL ] SHOW COLUMNS FROM `tp_module` [ RunTime:0.007000s ]
[ sql ] [ SQL ] SELECT * FROM `tp_module` WHERE  ( url='/index/welcome' ) LIMIT 1 [ RunTime:0.001000s ]
[ sql ] [ SQL ] SHOW COLUMNS FROM `tp_admin_role` [ RunTime:0.008001s ]
[ sql ] [ SQL ] SELECT `button` FROM `tp_admin_role` WHERE  `id` = 1 LIMIT 1 [ RunTime:0.001000s ]
[ sql ] [ SQL ] SELECT `module` FROM `tp_admin_role` WHERE  `id` = 1 LIMIT 1 [ RunTime:0.000000s ]
[ sql ] [ SQL ] SELECT `id`,`name`,`icon` FROM `tp_module` WHERE  ( pid=0 and id in (248,249,250,199,200,201,202,203,204,205,206,207,211,212,213,328,329,330,336,451,442,443,444,445,446,447,448,449,450,427,428,429,430,438,439) ) ORDER BY `sortnum` DESC,`id` ASC [ RunTime:0.000000s ]
[ sql ] [ SQL ] SELECT `id`,`name`,`icon` FROM `tp_module` WHERE  ( pid=248 and id in (248,249,250,199,200,201,202,203,204,205,206,207,211,212,213,328,329,330,336,451,442,443,444,445,446,447,448,449,450,427,428,429,430,438,439) ) ORDER BY `sortnum` DESC,`id` ASC [ RunTime:0.001000s ]
[ sql ] [ SQL ] SELECT `id`,`name`,`url` FROM `tp_module` WHERE  ( pid=249 and id in (248,249,250,199,200,201,202,203,204,205,206,207,211,212,213,328,329,330,336,451,442,443,444,445,446,447,448,449,450,427,428,429,430,438,439) ) ORDER BY `sortnum` DESC,`id` ASC [ RunTime:0.001000s ]
[ sql ] [ SQL ] SELECT `id`,`name`,`icon` FROM `tp_module` WHERE  ( pid=199 and id in (248,249,250,199,200,201,202,203,204,205,206,207,211,212,213,328,329,330,336,451,442,443,444,445,446,447,448,449,450,427,428,429,430,438,439) ) ORDER BY `sortnum` DESC,`id` ASC [ RunTime:0.000000s ]
[ sql ] [ SQL ] SELECT `id`,`name`,`url` FROM `tp_module` WHERE  ( pid=200 and id in (248,249,250,199,200,201,202,203,204,205,206,207,211,212,213,328,329,330,336,451,442,443,444,445,446,447,448,449,450,427,428,429,430,438,439) ) ORDER BY `sortnum` DESC,`id` ASC [ RunTime:0.001000s ]
[ sql ] [ SQL ] SELECT `id`,`name`,`url` FROM `tp_module` WHERE  ( pid=205 and id in (248,249,250,199,200,201,202,203,204,205,206,207,211,212,213,328,329,330,336,451,442,443,444,445,446,447,448,449,450,427,428,429,430,438,439) ) ORDER BY `sortnum` DESC,`id` ASC [ RunTime:0.000000s ]
[ sql ] [ SQL ] SELECT `id`,`name`,`icon` FROM `tp_module` WHERE  ( pid=207 and id in (248,249,250,199,200,201,202,203,204,205,206,207,211,212,213,328,329,330,336,451,442,443,444,445,446,447,448,449,450,427,428,429,430,438,439) ) ORDER BY `sortnum` DESC,`id` ASC [ RunTime:0.001000s ]
[ sql ] [ SQL ] SELECT `id`,`name`,`url` FROM `tp_module` WHERE  ( pid=211 and id in (248,249,250,199,200,201,202,203,204,205,206,207,211,212,213,328,329,330,336,451,442,443,444,445,446,447,448,449,450,427,428,429,430,438,439) ) ORDER BY `sortnum` DESC,`id` ASC [ RunTime:0.000000s ]
[ sql ] [ SQL ] SELECT `id`,`name`,`icon` FROM `tp_module` WHERE  ( pid=328 and id in (248,249,250,199,200,201,202,203,204,205,206,207,211,212,213,328,329,330,336,451,442,443,444,445,446,447,448,449,450,427,428,429,430,438,439) ) ORDER BY `sortnum` DESC,`id` ASC [ RunTime:0.001000s ]
[ sql ] [ SQL ] SELECT `id`,`name`,`url` FROM `tp_module` WHERE  ( pid=329 and id in (248,249,250,199,200,201,202,203,204,205,206,207,211,212,213,328,329,330,336,451,442,443,444,445,446,447,448,449,450,427,428,429,430,438,439) ) ORDER BY `sortnum` DESC,`id` ASC [ RunTime:0.000000s ]
[ sql ] [ SQL ] SELECT `id`,`name`,`url` FROM `tp_module` WHERE  ( pid=442 and id in (248,249,250,199,200,201,202,203,204,205,206,207,211,212,213,328,329,330,336,451,442,443,444,445,446,447,448,449,450,427,428,429,430,438,439) ) ORDER BY `sortnum` DESC,`id` ASC [ RunTime:0.001000s ]
[ sql ] [ SQL ] SELECT `id`,`name`,`url` FROM `tp_module` WHERE  ( pid=445 and id in (248,249,250,199,200,201,202,203,204,205,206,207,211,212,213,328,329,330,336,451,442,443,444,445,446,447,448,449,450,427,428,429,430,438,439) ) ORDER BY `sortnum` DESC,`id` ASC [ RunTime:0.000000s ]
[ sql ] [ SQL ] SELECT `id`,`name`,`url` FROM `tp_module` WHERE  ( pid=448 and id in (248,249,250,199,200,201,202,203,204,205,206,207,211,212,213,328,329,330,336,451,442,443,444,445,446,447,448,449,450,427,428,429,430,438,439) ) ORDER BY `sortnum` DESC,`id` ASC [ RunTime:0.001000s ]
[ sql ] [ SQL ] SELECT `id`,`name`,`icon` FROM `tp_module` WHERE  ( pid=427 and id in (248,249,250,199,200,201,202,203,204,205,206,207,211,212,213,328,329,330,336,451,442,443,444,445,446,447,448,449,450,427,428,429,430,438,439) ) ORDER BY `sortnum` DESC,`id` ASC [ RunTime:0.000000s ]
[ sql ] [ SQL ] SELECT `id`,`name`,`url` FROM `tp_module` WHERE  ( pid=428 and id in (248,249,250,199,200,201,202,203,204,205,206,207,211,212,213,328,329,330,336,451,442,443,444,445,446,447,448,449,450,427,428,429,430,438,439) ) ORDER BY `sortnum` DESC,`id` ASC [ RunTime:0.001000s ]
[ sql ] [ SQL ] SELECT `id`,`name`,`url` FROM `tp_module` WHERE  ( pid=438 and id in (248,249,250,199,200,201,202,203,204,205,206,207,211,212,213,328,329,330,336,451,442,443,444,445,446,447,448,449,450,427,428,429,430,438,439) ) ORDER BY `sortnum` DESC,`id` ASC [ RunTime:0.000000s ]
[ sql ] [ SQL ] SELECT VERSION() as mysql_version [ RunTime:0.000000s ]
[ sql ] [ SQL ] SHOW COLUMNS FROM `tp_admin_login_log` [ RunTime:0.007001s ]
[ sql ] [ SQL ] SELECT `al`.`log_ip`,`al`.`log_time`,`a`.`admin_name`,`a`.`role_id` FROM `tp_admin_login_log` `al` INNER JOIN `tp_admin` `a` ON `al`.`admin_id`=`a`.`admin_id` ORDER BY `al`.`log_id` DESC LIMIT 8 [ RunTime:0.001000s ]
[ sql ] [ SQL ] SELECT `name` FROM `tp_admin_role` WHERE  `id` = 1 LIMIT 1 [ RunTime:0.000000s ]
[ sql ] [ SQL ] SELECT `name` FROM `tp_admin_role` WHERE  `id` = 1 LIMIT 1 [ RunTime:0.000000s ]
[ sql ] [ SQL ] SELECT `name` FROM `tp_admin_role` WHERE  `id` = 1 LIMIT 1 [ RunTime:0.000000s ]
[ sql ] [ SQL ] SELECT `name` FROM `tp_admin_role` WHERE  `id` = 1 LIMIT 1 [ RunTime:0.001000s ]
[ sql ] [ SQL ] SELECT `name` FROM `tp_admin_role` WHERE  `id` = 1 LIMIT 1 [ RunTime:0.000000s ]
[ sql ] [ SQL ] SELECT `name` FROM `tp_admin_role` WHERE  `id` = 1 LIMIT 1 [ RunTime:0.001000s ]
[ sql ] [ SQL ] SELECT `name` FROM `tp_admin_role` WHERE  `id` = 1 LIMIT 1 [ RunTime:0.000000s ]
[ sql ] [ SQL ] SELECT `name` FROM `tp_admin_role` WHERE  `id` = 10 LIMIT 1 [ RunTime:0.000000s ]
[ sql ] [ SQL ] SELECT COUNT(*) AS tp_count FROM `tp_admin_login_log` WHERE  `admin_id` = 31 LIMIT 1 [ RunTime:0.001000s ]
---------------------------------------------------------------
[ 2019-03-25T14:08:00+08:00 ] 127.0.0.1 GET tp5.1/static/admin/plugins/layer/theme/extend/layer.ext.js,skin/moon/style.css
[运行时间：0.159009s] [吞吐率：6.29req/s] [内存消耗：1,458.55kb] [文件加载：67]
[ info ] [ LANG ] E:\sjx\PHPTutorial\WWW\tp5.1demo\thinkphp\lang\zh-cn.php
[ info ] [ ROUTE ] array (
)
[ info ] [ HEADER ] array (
  'cookie' => 'PHPSESSID=6hg0s2j97ggb3r24hc3vc0hgm2',
  'accept-language' => 'zh-CN,zh;q=0.9',
  'accept-encoding' => 'gzip, deflate',
  'referer' => 'http://tp5.1/boss.php/index/index.html',
  'accept' => 'text/css,*/*;q=0.1',
  'user-agent' => 'Mozilla/5.0 (Windows NT 6.1; Win64; x64) AppleWebKit/537.36 (KHTML, like Gecko) Chrome/67.0.3396.99 Safari/537.36',
  'connection' => 'close',
  'host' => 'tp5.1',
)
[ info ] [ PARAM ] array (
  '/static/admin/plugins/layer/theme/extend/layer_ext_js,skin/moon/style_css' => '',
  'plugins' => 'layer',
  'theme' => 'extend',
  'skin' => 'moon',
)
---------------------------------------------------------------
[ 2019-03-25T14:08:00+08:00 ] 127.0.0.1 GET tp5.1/boss.php/index/favicon.ico
[运行时间：0.083005s] [吞吐率：12.05req/s] [内存消耗：2,364.70kb] [文件加载：78]
[ info ] [ LANG ] E:\sjx\PHPTutorial\WWW\tp5.1demo\thinkphp\lang\zh-cn.php
[ info ] [ ROUTE ] array (
)
[ info ] [ HEADER ] array (
  'cookie' => 'PHPSESSID=6hg0s2j97ggb3r24hc3vc0hgm2',
  'accept-language' => 'zh-CN,zh;q=0.9',
  'accept-encoding' => 'gzip, deflate',
  'referer' => 'http://tp5.1/boss.php/index/index.html',
  'accept' => 'image/webp,image/apng,image/*,*/*;q=0.8',
  'user-agent' => 'Mozilla/5.0 (Windows NT 6.1; Win64; x64) AppleWebKit/537.36 (KHTML, like Gecko) Chrome/67.0.3396.99 Safari/537.36',
  'connection' => 'close',
  'host' => 'tp5.1',
)
[ info ] [ PARAM ] array (
)
[ info ] [ DB ] INIT mysql
[ sql ] [ DB ] CONNECT:[ UseTime:0.010000s ] mysql:host=127.0.0.1;dbname=jwpet;charset=utf8
[ sql ] [ SQL ] SHOW COLUMNS FROM `tp_config` [ RunTime:0.007000s ]
[ sql ] [ SQL ] SELECT * FROM `tp_config` WHERE  `id` = 1 LIMIT 1 [ RunTime:0.001001s ]
[ sql ] [ SQL ] SELECT `forbid_ip` FROM `tp_config` WHERE  `id` = 1 LIMIT 1 [ RunTime:0.001000s ]
[ sql ] [ SQL ] SHOW COLUMNS FROM `tp_module` [ RunTime:0.007000s ]
[ sql ] [ SQL ] SELECT * FROM `tp_module` WHERE  ( url='/index/favicon.ico' ) LIMIT 1 [ RunTime:0.000000s ]
[ sql ] [ SQL ] SHOW COLUMNS FROM `tp_admin_role` [ RunTime:0.007000s ]
[ sql ] [ SQL ] SELECT `button` FROM `tp_admin_role` WHERE  `id` = 1 LIMIT 1 [ RunTime:0.001001s ]
[ sql ] [ SQL ] SELECT `module` FROM `tp_admin_role` WHERE  `id` = 1 LIMIT 1 [ RunTime:0.000000s ]
[ sql ] [ SQL ] SELECT `id`,`name`,`icon` FROM `tp_module` WHERE  ( pid=0 and id in (248,249,250,199,200,201,202,203,204,205,206,207,211,212,213,328,329,330,336,451,442,443,444,445,446,447,448,449,450,427,428,429,430,438,439) ) ORDER BY `sortnum` DESC,`id` ASC [ RunTime:0.001000s ]
[ sql ] [ SQL ] SELECT `id`,`name`,`icon` FROM `tp_module` WHERE  ( pid=248 and id in (248,249,250,199,200,201,202,203,204,205,206,207,211,212,213,328,329,330,336,451,442,443,444,445,446,447,448,449,450,427,428,429,430,438,439) ) ORDER BY `sortnum` DESC,`id` ASC [ RunTime:0.000000s ]
[ sql ] [ SQL ] SELECT `id`,`name`,`url` FROM `tp_module` WHERE  ( pid=249 and id in (248,249,250,199,200,201,202,203,204,205,206,207,211,212,213,328,329,330,336,451,442,443,444,445,446,447,448,449,450,427,428,429,430,438,439) ) ORDER BY `sortnum` DESC,`id` ASC [ RunTime:0.001000s ]
[ sql ] [ SQL ] SELECT `id`,`name`,`icon` FROM `tp_module` WHERE  ( pid=199 and id in (248,249,250,199,200,201,202,203,204,205,206,207,211,212,213,328,329,330,336,451,442,443,444,445,446,447,448,449,450,427,428,429,430,438,439) ) ORDER BY `sortnum` DESC,`id` ASC [ RunTime:0.000000s ]
[ sql ] [ SQL ] SELECT `id`,`name`,`url` FROM `tp_module` WHERE  ( pid=200 and id in (248,249,250,199,200,201,202,203,204,205,206,207,211,212,213,328,329,330,336,451,442,443,444,445,446,447,448,449,450,427,428,429,430,438,439) ) ORDER BY `sortnum` DESC,`id` ASC [ RunTime:0.001000s ]
[ sql ] [ SQL ] SELECT `id`,`name`,`url` FROM `tp_module` WHERE  ( pid=205 and id in (248,249,250,199,200,201,202,203,204,205,206,207,211,212,213,328,329,330,336,451,442,443,444,445,446,447,448,449,450,427,428,429,430,438,439) ) ORDER BY `sortnum` DESC,`id` ASC [ RunTime:0.000000s ]
[ sql ] [ SQL ] SELECT `id`,`name`,`icon` FROM `tp_module` WHERE  ( pid=207 and id in (248,249,250,199,200,201,202,203,204,205,206,207,211,212,213,328,329,330,336,451,442,443,444,445,446,447,448,449,450,427,428,429,430,438,439) ) ORDER BY `sortnum` DESC,`id` ASC [ RunTime:0.001000s ]
[ sql ] [ SQL ] SELECT `id`,`name`,`url` FROM `tp_module` WHERE  ( pid=211 and id in (248,249,250,199,200,201,202,203,204,205,206,207,211,212,213,328,329,330,336,451,442,443,444,445,446,447,448,449,450,427,428,429,430,438,439) ) ORDER BY `sortnum` DESC,`id` ASC [ RunTime:0.000000s ]
[ sql ] [ SQL ] SELECT `id`,`name`,`icon` FROM `tp_module` WHERE  ( pid=328 and id in (248,249,250,199,200,201,202,203,204,205,206,207,211,212,213,328,329,330,336,451,442,443,444,445,446,447,448,449,450,427,428,429,430,438,439) ) ORDER BY `sortnum` DESC,`id` ASC [ RunTime:0.001000s ]
[ sql ] [ SQL ] SELECT `id`,`name`,`url` FROM `tp_module` WHERE  ( pid=329 and id in (248,249,250,199,200,201,202,203,204,205,206,207,211,212,213,328,329,330,336,451,442,443,444,445,446,447,448,449,450,427,428,429,430,438,439) ) ORDER BY `sortnum` DESC,`id` ASC [ RunTime:0.000000s ]
[ sql ] [ SQL ] SELECT `id`,`name`,`url` FROM `tp_module` WHERE  ( pid=442 and id in (248,249,250,199,200,201,202,203,204,205,206,207,211,212,213,328,329,330,336,451,442,443,444,445,446,447,448,449,450,427,428,429,430,438,439) ) ORDER BY `sortnum` DESC,`id` ASC [ RunTime:0.001000s ]
[ sql ] [ SQL ] SELECT `id`,`name`,`url` FROM `tp_module` WHERE  ( pid=445 and id in (248,249,250,199,200,201,202,203,204,205,206,207,211,212,213,328,329,330,336,451,442,443,444,445,446,447,448,449,450,427,428,429,430,438,439) ) ORDER BY `sortnum` DESC,`id` ASC [ RunTime:0.000000s ]
[ sql ] [ SQL ] SELECT `id`,`name`,`url` FROM `tp_module` WHERE  ( pid=448 and id in (248,249,250,199,200,201,202,203,204,205,206,207,211,212,213,328,329,330,336,451,442,443,444,445,446,447,448,449,450,427,428,429,430,438,439) ) ORDER BY `sortnum` DESC,`id` ASC [ RunTime:0.001000s ]
[ sql ] [ SQL ] SELECT `id`,`name`,`icon` FROM `tp_module` WHERE  ( pid=427 and id in (248,249,250,199,200,201,202,203,204,205,206,207,211,212,213,328,329,330,336,451,442,443,444,445,446,447,448,449,450,427,428,429,430,438,439) ) ORDER BY `sortnum` DESC,`id` ASC [ RunTime:0.000000s ]
[ sql ] [ SQL ] SELECT `id`,`name`,`url` FROM `tp_module` WHERE  ( pid=428 and id in (248,249,250,199,200,201,202,203,204,205,206,207,211,212,213,328,329,330,336,451,442,443,444,445,446,447,448,449,450,427,428,429,430,438,439) ) ORDER BY `sortnum` DESC,`id` ASC [ RunTime:0.000000s ]
[ sql ] [ SQL ] SELECT `id`,`name`,`url` FROM `tp_module` WHERE  ( pid=438 and id in (248,249,250,199,200,201,202,203,204,205,206,207,211,212,213,328,329,330,336,451,442,443,444,445,446,447,448,449,450,427,428,429,430,438,439) ) ORDER BY `sortnum` DESC,`id` ASC [ RunTime:0.001000s ]
---------------------------------------------------------------
[ 2019-03-25T14:08:03+08:00 ] 127.0.0.1 GET tp5.1/boss.php/system/admin.html
[运行时间：0.152009s] [吞吐率：6.58req/s] [内存消耗：2,575.23kb] [文件加载：79]
[ info ] [ LANG ] E:\sjx\PHPTutorial\WWW\tp5.1demo\thinkphp\lang\zh-cn.php
[ info ] [ ROUTE ] array (
)
[ info ] [ HEADER ] array (
  'cookie' => 'PHPSESSID=6hg0s2j97ggb3r24hc3vc0hgm2',
  'accept-language' => 'zh-CN,zh;q=0.9',
  'accept-encoding' => 'gzip, deflate',
  'referer' => 'http://tp5.1/boss.php/index/index.html',
  'accept' => 'text/html,application/xhtml+xml,application/xml;q=0.9,image/webp,image/apng,*/*;q=0.8',
  'user-agent' => 'Mozilla/5.0 (Windows NT 6.1; Win64; x64) AppleWebKit/537.36 (KHTML, like Gecko) Chrome/67.0.3396.99 Safari/537.36',
  'upgrade-insecure-requests' => '1',
  'connection' => 'close',
  'host' => 'tp5.1',
)
[ info ] [ PARAM ] array (
)
[ info ] [ DB ] INIT mysql
[ info ] [ VIEW ] E:\sjx\PHPTutorial\WWW\tp5.1demo\application\admin\view\system\admin.html [ array (
  0 => 'config',
  1 => 'priv',
  2 => 'admin_info',
  3 => 'top',
  4 => 'info',
) ]
[ sql ] [ DB ] CONNECT:[ UseTime:0.010001s ] mysql:host=127.0.0.1;dbname=jwpet;charset=utf8
[ sql ] [ SQL ] SHOW COLUMNS FROM `tp_config` [ RunTime:0.007000s ]
[ sql ] [ SQL ] SELECT * FROM `tp_config` WHERE  `id` = 1 LIMIT 1 [ RunTime:0.001000s ]
[ sql ] [ SQL ] SELECT `forbid_ip` FROM `tp_config` WHERE  `id` = 1 LIMIT 1 [ RunTime:0.000000s ]
[ sql ] [ SQL ] SHOW COLUMNS FROM `tp_module` [ RunTime:0.007001s ]
[ sql ] [ SQL ] SELECT * FROM `tp_module` WHERE  ( url='/system/admin' ) LIMIT 1 [ RunTime:0.000000s ]
[ sql ] [ SQL ] SHOW COLUMNS FROM `tp_admin_role` [ RunTime:0.007000s ]
[ sql ] [ SQL ] SELECT `button` FROM `tp_admin_role` WHERE  `id` = 1 LIMIT 1 [ RunTime:0.000000s ]
[ sql ] [ SQL ] SHOW COLUMNS FROM `tp_button` [ RunTime:0.014001s ]
[ sql ] [ SQL ] SELECT * FROM `tp_button` WHERE  ( id in (85,86,87,88,89) ) ORDER BY `sortnum` DESC,`id` ASC [ RunTime:0.000000s ]
[ sql ] [ SQL ] SELECT `module` FROM `tp_admin_role` WHERE  `id` = 1 LIMIT 1 [ RunTime:0.001000s ]
[ sql ] [ SQL ] SELECT `id`,`name`,`icon` FROM `tp_module` WHERE  ( pid=0 and id in (248,249,250,199,200,201,202,203,204,205,206,207,211,212,213,328,329,330,336,451,442,443,444,445,446,447,448,449,450,427,428,429,430,438,439) ) ORDER BY `sortnum` DESC,`id` ASC [ RunTime:0.000000s ]
[ sql ] [ SQL ] SELECT `id`,`name`,`icon` FROM `tp_module` WHERE  ( pid=248 and id in (248,249,250,199,200,201,202,203,204,205,206,207,211,212,213,328,329,330,336,451,442,443,444,445,446,447,448,449,450,427,428,429,430,438,439) ) ORDER BY `sortnum` DESC,`id` ASC [ RunTime:0.001000s ]
[ sql ] [ SQL ] SELECT `id`,`name`,`url` FROM `tp_module` WHERE  ( pid=249 and id in (248,249,250,199,200,201,202,203,204,205,206,207,211,212,213,328,329,330,336,451,442,443,444,445,446,447,448,449,450,427,428,429,430,438,439) ) ORDER BY `sortnum` DESC,`id` ASC [ RunTime:0.000000s ]
[ sql ] [ SQL ] SELECT `id`,`name`,`icon` FROM `tp_module` WHERE  ( pid=199 and id in (248,249,250,199,200,201,202,203,204,205,206,207,211,212,213,328,329,330,336,451,442,443,444,445,446,447,448,449,450,427,428,429,430,438,439) ) ORDER BY `sortnum` DESC,`id` ASC [ RunTime:0.001000s ]
[ sql ] [ SQL ] SELECT `id`,`name`,`url` FROM `tp_module` WHERE  ( pid=200 and id in (248,249,250,199,200,201,202,203,204,205,206,207,211,212,213,328,329,330,336,451,442,443,444,445,446,447,448,449,450,427,428,429,430,438,439) ) ORDER BY `sortnum` DESC,`id` ASC [ RunTime:0.000000s ]
[ sql ] [ SQL ] SELECT `id`,`name`,`url` FROM `tp_module` WHERE  ( pid=205 and id in (248,249,250,199,200,201,202,203,204,205,206,207,211,212,213,328,329,330,336,451,442,443,444,445,446,447,448,449,450,427,428,429,430,438,439) ) ORDER BY `sortnum` DESC,`id` ASC [ RunTime:0.001000s ]
[ sql ] [ SQL ] SELECT `id`,`name`,`icon` FROM `tp_module` WHERE  ( pid=207 and id in (248,249,250,199,200,201,202,203,204,205,206,207,211,212,213,328,329,330,336,451,442,443,444,445,446,447,448,449,450,427,428,429,430,438,439) ) ORDER BY `sortnum` DESC,`id` ASC [ RunTime:0.000000s ]
[ sql ] [ SQL ] SELECT `id`,`name`,`url` FROM `tp_module` WHERE  ( pid=211 and id in (248,249,250,199,200,201,202,203,204,205,206,207,211,212,213,328,329,330,336,451,442,443,444,445,446,447,448,449,450,427,428,429,430,438,439) ) ORDER BY `sortnum` DESC,`id` ASC [ RunTime:0.001000s ]
[ sql ] [ SQL ] SELECT `id`,`name`,`icon` FROM `tp_module` WHERE  ( pid=328 and id in (248,249,250,199,200,201,202,203,204,205,206,207,211,212,213,328,329,330,336,451,442,443,444,445,446,447,448,449,450,427,428,429,430,438,439) ) ORDER BY `sortnum` DESC,`id` ASC [ RunTime:0.000000s ]
[ sql ] [ SQL ] SELECT `id`,`name`,`url` FROM `tp_module` WHERE  ( pid=329 and id in (248,249,250,199,200,201,202,203,204,205,206,207,211,212,213,328,329,330,336,451,442,443,444,445,446,447,448,449,450,427,428,429,430,438,439) ) ORDER BY `sortnum` DESC,`id` ASC [ RunTime:0.001000s ]
[ sql ] [ SQL ] SELECT `id`,`name`,`url` FROM `tp_module` WHERE  ( pid=442 and id in (248,249,250,199,200,201,202,203,204,205,206,207,211,212,213,328,329,330,336,451,442,443,444,445,446,447,448,449,450,427,428,429,430,438,439) ) ORDER BY `sortnum` DESC,`id` ASC [ RunTime:0.000000s ]
[ sql ] [ SQL ] SELECT `id`,`name`,`url` FROM `tp_module` WHERE  ( pid=445 and id in (248,249,250,199,200,201,202,203,204,205,206,207,211,212,213,328,329,330,336,451,442,443,444,445,446,447,448,449,450,427,428,429,430,438,439) ) ORDER BY `sortnum` DESC,`id` ASC [ RunTime:0.001001s ]
[ sql ] [ SQL ] SELECT `id`,`name`,`url` FROM `tp_module` WHERE  ( pid=448 and id in (248,249,250,199,200,201,202,203,204,205,206,207,211,212,213,328,329,330,336,451,442,443,444,445,446,447,448,449,450,427,428,429,430,438,439) ) ORDER BY `sortnum` DESC,`id` ASC [ RunTime:0.000000s ]
[ sql ] [ SQL ] SELECT `id`,`name`,`icon` FROM `tp_module` WHERE  ( pid=427 and id in (248,249,250,199,200,201,202,203,204,205,206,207,211,212,213,328,329,330,336,451,442,443,444,445,446,447,448,449,450,427,428,429,430,438,439) ) ORDER BY `sortnum` DESC,`id` ASC [ RunTime:0.001000s ]
[ sql ] [ SQL ] SELECT `id`,`name`,`url` FROM `tp_module` WHERE  ( pid=428 and id in (248,249,250,199,200,201,202,203,204,205,206,207,211,212,213,328,329,330,336,451,442,443,444,445,446,447,448,449,450,427,428,429,430,438,439) ) ORDER BY `sortnum` DESC,`id` ASC [ RunTime:0.000000s ]
[ sql ] [ SQL ] SELECT `id`,`name`,`url` FROM `tp_module` WHERE  ( pid=438 and id in (248,249,250,199,200,201,202,203,204,205,206,207,211,212,213,328,329,330,336,451,442,443,444,445,446,447,448,449,450,427,428,429,430,438,439) ) ORDER BY `sortnum` DESC,`id` ASC [ RunTime:0.001000s ]
[ sql ] [ SQL ] SHOW COLUMNS FROM `tp_admin` [ RunTime:0.007000s ]
[ sql ] [ SQL ] SELECT `a`.`admin_id`,`a`.`admin_name`,`a`.`mobile`,`a`.`email`,`a`.`status`,`a`.`addtime`,`a`.`lastlogintime`,`a`.`lastloginip`,`ar`.`name` FROM `tp_admin` `a` LEFT JOIN `tp_admin_role` `ar` ON `a`.`role_id`=`ar`.`id` [ RunTime:0.000000s ]
---------------------------------------------------------------
[ 2019-03-25T14:08:10+08:00 ] 127.0.0.1 GET tp5.1/boss.php/mall/goodscate.html
[运行时间：0.212012s] [吞吐率：4.72req/s] [内存消耗：2,767.70kb] [文件加载：87]
[ info ] [ LANG ] E:\sjx\PHPTutorial\WWW\tp5.1demo\thinkphp\lang\zh-cn.php
[ info ] [ ROUTE ] array (
)
[ info ] [ HEADER ] array (
  'cookie' => 'PHPSESSID=6hg0s2j97ggb3r24hc3vc0hgm2',
  'accept-language' => 'zh-CN,zh;q=0.9',
  'accept-encoding' => 'gzip, deflate',
  'referer' => 'http://tp5.1/boss.php/index/index.html',
  'accept' => 'text/html,application/xhtml+xml,application/xml;q=0.9,image/webp,image/apng,*/*;q=0.8',
  'user-agent' => 'Mozilla/5.0 (Windows NT 6.1; Win64; x64) AppleWebKit/537.36 (KHTML, like Gecko) Chrome/67.0.3396.99 Safari/537.36',
  'upgrade-insecure-requests' => '1',
  'connection' => 'close',
  'host' => 'tp5.1',
)
[ info ] [ PARAM ] array (
)
[ info ] [ DB ] INIT mysql
[ sql ] [ DB ] CONNECT:[ UseTime:0.010000s ] mysql:host=127.0.0.1;dbname=jwpet;charset=utf8
[ sql ] [ SQL ] SHOW COLUMNS FROM `tp_config` [ RunTime:0.007001s ]
[ sql ] [ SQL ] SELECT * FROM `tp_config` WHERE  `id` = 1 LIMIT 1 [ RunTime:0.000000s ]
[ sql ] [ SQL ] SELECT `forbid_ip` FROM `tp_config` WHERE  `id` = 1 LIMIT 1 [ RunTime:0.001000s ]
[ sql ] [ SQL ] SHOW COLUMNS FROM `tp_module` [ RunTime:0.007000s ]
[ sql ] [ SQL ] SELECT * FROM `tp_module` WHERE  ( url='/mall/goodscate' ) LIMIT 1 [ RunTime:0.000000s ]
[ sql ] [ SQL ] SHOW COLUMNS FROM `tp_admin_role` [ RunTime:0.006000s ]
[ sql ] [ SQL ] SELECT `button` FROM `tp_admin_role` WHERE  `id` = 1 LIMIT 1 [ RunTime:0.001001s ]
[ sql ] [ SQL ] SHOW COLUMNS FROM `tp_button` [ RunTime:0.006000s ]
[ sql ] [ SQL ] SELECT * FROM `tp_button` WHERE  ( id in (85,86,87) ) ORDER BY `sortnum` DESC,`id` ASC [ RunTime:0.001000s ]
[ sql ] [ SQL ] SELECT `module` FROM `tp_admin_role` WHERE  `id` = 1 LIMIT 1 [ RunTime:0.000000s ]
[ sql ] [ SQL ] SELECT `id`,`name`,`icon` FROM `tp_module` WHERE  ( pid=0 and id in (248,249,250,199,200,201,202,203,204,205,206,207,211,212,213,328,329,330,336,451,442,443,444,445,446,447,448,449,450,427,428,429,430,438,439) ) ORDER BY `sortnum` DESC,`id` ASC [ RunTime:0.001000s ]
[ sql ] [ SQL ] SELECT `id`,`name`,`icon` FROM `tp_module` WHERE  ( pid=248 and id in (248,249,250,199,200,201,202,203,204,205,206,207,211,212,213,328,329,330,336,451,442,443,444,445,446,447,448,449,450,427,428,429,430,438,439) ) ORDER BY `sortnum` DESC,`id` ASC [ RunTime:0.001000s ]
[ sql ] [ SQL ] SELECT `id`,`name`,`url` FROM `tp_module` WHERE  ( pid=249 and id in (248,249,250,199,200,201,202,203,204,205,206,207,211,212,213,328,329,330,336,451,442,443,444,445,446,447,448,449,450,427,428,429,430,438,439) ) ORDER BY `sortnum` DESC,`id` ASC [ RunTime:0.000000s ]
[ sql ] [ SQL ] SELECT `id`,`name`,`icon` FROM `tp_module` WHERE  ( pid=199 and id in (248,249,250,199,200,201,202,203,204,205,206,207,211,212,213,328,329,330,336,451,442,443,444,445,446,447,448,449,450,427,428,429,430,438,439) ) ORDER BY `sortnum` DESC,`id` ASC [ RunTime:0.001000s ]
[ sql ] [ SQL ] SELECT `id`,`name`,`url` FROM `tp_module` WHERE  ( pid=200 and id in (248,249,250,199,200,201,202,203,204,205,206,207,211,212,213,328,329,330,336,451,442,443,444,445,446,447,448,449,450,427,428,429,430,438,439) ) ORDER BY `sortnum` DESC,`id` ASC [ RunTime:0.000000s ]
[ sql ] [ SQL ] SELECT `id`,`name`,`url` FROM `tp_module` WHERE  ( pid=205 and id in (248,249,250,199,200,201,202,203,204,205,206,207,211,212,213,328,329,330,336,451,442,443,444,445,446,447,448,449,450,427,428,429,430,438,439) ) ORDER BY `sortnum` DESC,`id` ASC [ RunTime:0.001000s ]
[ sql ] [ SQL ] SELECT `id`,`name`,`icon` FROM `tp_module` WHERE  ( pid=207 and id in (248,249,250,199,200,201,202,203,204,205,206,207,211,212,213,328,329,330,336,451,442,443,444,445,446,447,448,449,450,427,428,429,430,438,439) ) ORDER BY `sortnum` DESC,`id` ASC [ RunTime:0.000000s ]
[ sql ] [ SQL ] SELECT `id`,`name`,`url` FROM `tp_module` WHERE  ( pid=211 and id in (248,249,250,199,200,201,202,203,204,205,206,207,211,212,213,328,329,330,336,451,442,443,444,445,446,447,448,449,450,427,428,429,430,438,439) ) ORDER BY `sortnum` DESC,`id` ASC [ RunTime:0.000000s ]
[ sql ] [ SQL ] SELECT `id`,`name`,`icon` FROM `tp_module` WHERE  ( pid=328 and id in (248,249,250,199,200,201,202,203,204,205,206,207,211,212,213,328,329,330,336,451,442,443,444,445,446,447,448,449,450,427,428,429,430,438,439) ) ORDER BY `sortnum` DESC,`id` ASC [ RunTime:0.000000s ]
[ sql ] [ SQL ] SELECT `id`,`name`,`url` FROM `tp_module` WHERE  ( pid=329 and id in (248,249,250,199,200,201,202,203,204,205,206,207,211,212,213,328,329,330,336,451,442,443,444,445,446,447,448,449,450,427,428,429,430,438,439) ) ORDER BY `sortnum` DESC,`id` ASC [ RunTime:0.000000s ]
[ sql ] [ SQL ] SELECT `id`,`name`,`url` FROM `tp_module` WHERE  ( pid=442 and id in (248,249,250,199,200,201,202,203,204,205,206,207,211,212,213,328,329,330,336,451,442,443,444,445,446,447,448,449,450,427,428,429,430,438,439) ) ORDER BY `sortnum` DESC,`id` ASC [ RunTime:0.001000s ]
[ sql ] [ SQL ] SELECT `id`,`name`,`url` FROM `tp_module` WHERE  ( pid=445 and id in (248,249,250,199,200,201,202,203,204,205,206,207,211,212,213,328,329,330,336,451,442,443,444,445,446,447,448,449,450,427,428,429,430,438,439) ) ORDER BY `sortnum` DESC,`id` ASC [ RunTime:0.000000s ]
[ sql ] [ SQL ] SELECT `id`,`name`,`url` FROM `tp_module` WHERE  ( pid=448 and id in (248,249,250,199,200,201,202,203,204,205,206,207,211,212,213,328,329,330,336,451,442,443,444,445,446,447,448,449,450,427,428,429,430,438,439) ) ORDER BY `sortnum` DESC,`id` ASC [ RunTime:0.001000s ]
[ sql ] [ SQL ] SELECT `id`,`name`,`icon` FROM `tp_module` WHERE  ( pid=427 and id in (248,249,250,199,200,201,202,203,204,205,206,207,211,212,213,328,329,330,336,451,442,443,444,445,446,447,448,449,450,427,428,429,430,438,439) ) ORDER BY `sortnum` DESC,`id` ASC [ RunTime:0.000000s ]
[ sql ] [ SQL ] SELECT `id`,`name`,`url` FROM `tp_module` WHERE  ( pid=428 and id in (248,249,250,199,200,201,202,203,204,205,206,207,211,212,213,328,329,330,336,451,442,443,444,445,446,447,448,449,450,427,428,429,430,438,439) ) ORDER BY `sortnum` DESC,`id` ASC [ RunTime:0.001000s ]
[ sql ] [ SQL ] SELECT `id`,`name`,`url` FROM `tp_module` WHERE  ( pid=438 and id in (248,249,250,199,200,201,202,203,204,205,206,207,211,212,213,328,329,330,336,451,442,443,444,445,446,447,448,449,450,427,428,429,430,438,439) ) ORDER BY `sortnum` DESC,`id` ASC [ RunTime:0.000000s ]
[ sql ] [ SQL ] SHOW COLUMNS FROM `tp_goods_category` [ RunTime:0.045002s ]
[ error ] [10501]SQLSTATE[42S22]: Column not found: 1054 Unknown column 'pid' in 'where clause'[E:\sjx\PHPTutorial\WWW\tp5.1demo\thinkphp\library\think\db\Connection.php:685]
---------------------------------------------------------------
[ 2019-03-25T14:08:12+08:00 ] 127.0.0.1 GET tp5.1/boss.php/mall/goods.html
[运行时间：0.153008s] [吞吐率：6.54req/s] [内存消耗：2,606.99kb] [文件加载：82]
[ info ] [ LANG ] E:\sjx\PHPTutorial\WWW\tp5.1demo\thinkphp\lang\zh-cn.php
[ info ] [ ROUTE ] array (
)
[ info ] [ HEADER ] array (
  'cookie' => 'PHPSESSID=6hg0s2j97ggb3r24hc3vc0hgm2',
  'accept-language' => 'zh-CN,zh;q=0.9',
  'accept-encoding' => 'gzip, deflate',
  'referer' => 'http://tp5.1/boss.php/index/index.html',
  'accept' => 'text/html,application/xhtml+xml,application/xml;q=0.9,image/webp,image/apng,*/*;q=0.8',
  'user-agent' => 'Mozilla/5.0 (Windows NT 6.1; Win64; x64) AppleWebKit/537.36 (KHTML, like Gecko) Chrome/67.0.3396.99 Safari/537.36',
  'upgrade-insecure-requests' => '1',
  'connection' => 'close',
  'host' => 'tp5.1',
)
[ info ] [ PARAM ] array (
)
[ info ] [ DB ] INIT mysql
[ sql ] [ DB ] CONNECT:[ UseTime:0.011000s ] mysql:host=127.0.0.1;dbname=jwpet;charset=utf8
[ sql ] [ SQL ] SHOW COLUMNS FROM `tp_config` [ RunTime:0.007001s ]
[ sql ] [ SQL ] SELECT * FROM `tp_config` WHERE  `id` = 1 LIMIT 1 [ RunTime:0.001000s ]
[ sql ] [ SQL ] SELECT `forbid_ip` FROM `tp_config` WHERE  `id` = 1 LIMIT 1 [ RunTime:0.000000s ]
[ sql ] [ SQL ] SHOW COLUMNS FROM `tp_module` [ RunTime:0.007000s ]
[ sql ] [ SQL ] SELECT * FROM `tp_module` WHERE  ( url='/mall/goods' ) LIMIT 1 [ RunTime:0.001000s ]
[ sql ] [ SQL ] SHOW COLUMNS FROM `tp_admin_role` [ RunTime:0.006001s ]
[ sql ] [ SQL ] SELECT `button` FROM `tp_admin_role` WHERE  `id` = 1 LIMIT 1 [ RunTime:0.001000s ]
[ sql ] [ SQL ] SHOW COLUMNS FROM `tp_button` [ RunTime:0.006000s ]
[ sql ] [ SQL ] SELECT * FROM `tp_button` WHERE  ( id in (85,86,87,96,97) ) ORDER BY `sortnum` DESC,`id` ASC [ RunTime:0.000000s ]
[ sql ] [ SQL ] SELECT `module` FROM `tp_admin_role` WHERE  `id` = 1 LIMIT 1 [ RunTime:0.001000s ]
[ sql ] [ SQL ] SELECT `id`,`name`,`icon` FROM `tp_module` WHERE  ( pid=0 and id in (248,249,250,199,200,201,202,203,204,205,206,207,211,212,213,328,329,330,336,451,442,443,444,445,446,447,448,449,450,427,428,429,430,438,439) ) ORDER BY `sortnum` DESC,`id` ASC [ RunTime:0.001000s ]
[ sql ] [ SQL ] SELECT `id`,`name`,`icon` FROM `tp_module` WHERE  ( pid=248 and id in (248,249,250,199,200,201,202,203,204,205,206,207,211,212,213,328,329,330,336,451,442,443,444,445,446,447,448,449,450,427,428,429,430,438,439) ) ORDER BY `sortnum` DESC,`id` ASC [ RunTime:0.000000s ]
[ sql ] [ SQL ] SELECT `id`,`name`,`url` FROM `tp_module` WHERE  ( pid=249 and id in (248,249,250,199,200,201,202,203,204,205,206,207,211,212,213,328,329,330,336,451,442,443,444,445,446,447,448,449,450,427,428,429,430,438,439) ) ORDER BY `sortnum` DESC,`id` ASC [ RunTime:0.001000s ]
[ sql ] [ SQL ] SELECT `id`,`name`,`icon` FROM `tp_module` WHERE  ( pid=199 and id in (248,249,250,199,200,201,202,203,204,205,206,207,211,212,213,328,329,330,336,451,442,443,444,445,446,447,448,449,450,427,428,429,430,438,439) ) ORDER BY `sortnum` DESC,`id` ASC [ RunTime:0.000000s ]
[ sql ] [ SQL ] SELECT `id`,`name`,`url` FROM `tp_module` WHERE  ( pid=200 and id in (248,249,250,199,200,201,202,203,204,205,206,207,211,212,213,328,329,330,336,451,442,443,444,445,446,447,448,449,450,427,428,429,430,438,439) ) ORDER BY `sortnum` DESC,`id` ASC [ RunTime:0.001000s ]
[ sql ] [ SQL ] SELECT `id`,`name`,`url` FROM `tp_module` WHERE  ( pid=205 and id in (248,249,250,199,200,201,202,203,204,205,206,207,211,212,213,328,329,330,336,451,442,443,444,445,446,447,448,449,450,427,428,429,430,438,439) ) ORDER BY `sortnum` DESC,`id` ASC [ RunTime:0.000000s ]
[ sql ] [ SQL ] SELECT `id`,`name`,`icon` FROM `tp_module` WHERE  ( pid=207 and id in (248,249,250,199,200,201,202,203,204,205,206,207,211,212,213,328,329,330,336,451,442,443,444,445,446,447,448,449,450,427,428,429,430,438,439) ) ORDER BY `sortnum` DESC,`id` ASC [ RunTime:0.000000s ]
[ sql ] [ SQL ] SELECT `id`,`name`,`url` FROM `tp_module` WHERE  ( pid=211 and id in (248,249,250,199,200,201,202,203,204,205,206,207,211,212,213,328,329,330,336,451,442,443,444,445,446,447,448,449,450,427,428,429,430,438,439) ) ORDER BY `sortnum` DESC,`id` ASC [ RunTime:0.000000s ]
[ sql ] [ SQL ] SELECT `id`,`name`,`icon` FROM `tp_module` WHERE  ( pid=328 and id in (248,249,250,199,200,201,202,203,204,205,206,207,211,212,213,328,329,330,336,451,442,443,444,445,446,447,448,449,450,427,428,429,430,438,439) ) ORDER BY `sortnum` DESC,`id` ASC [ RunTime:0.000000s ]
[ sql ] [ SQL ] SELECT `id`,`name`,`url` FROM `tp_module` WHERE  ( pid=329 and id in (248,249,250,199,200,201,202,203,204,205,206,207,211,212,213,328,329,330,336,451,442,443,444,445,446,447,448,449,450,427,428,429,430,438,439) ) ORDER BY `sortnum` DESC,`id` ASC [ RunTime:0.000000s ]
[ sql ] [ SQL ] SELECT `id`,`name`,`url` FROM `tp_module` WHERE  ( pid=442 and id in (248,249,250,199,200,201,202,203,204,205,206,207,211,212,213,328,329,330,336,451,442,443,444,445,446,447,448,449,450,427,428,429,430,438,439) ) ORDER BY `sortnum` DESC,`id` ASC [ RunTime:0.000000s ]
[ sql ] [ SQL ] SELECT `id`,`name`,`url` FROM `tp_module` WHERE  ( pid=445 and id in (248,249,250,199,200,201,202,203,204,205,206,207,211,212,213,328,329,330,336,451,442,443,444,445,446,447,448,449,450,427,428,429,430,438,439) ) ORDER BY `sortnum` DESC,`id` ASC [ RunTime:0.001001s ]
[ sql ] [ SQL ] SELECT `id`,`name`,`url` FROM `tp_module` WHERE  ( pid=448 and id in (248,249,250,199,200,201,202,203,204,205,206,207,211,212,213,328,329,330,336,451,442,443,444,445,446,447,448,449,450,427,428,429,430,438,439) ) ORDER BY `sortnum` DESC,`id` ASC [ RunTime:0.000000s ]
[ sql ] [ SQL ] SELECT `id`,`name`,`icon` FROM `tp_module` WHERE  ( pid=427 and id in (248,249,250,199,200,201,202,203,204,205,206,207,211,212,213,328,329,330,336,451,442,443,444,445,446,447,448,449,450,427,428,429,430,438,439) ) ORDER BY `sortnum` DESC,`id` ASC [ RunTime:0.001000s ]
[ sql ] [ SQL ] SELECT `id`,`name`,`url` FROM `tp_module` WHERE  ( pid=428 and id in (248,249,250,199,200,201,202,203,204,205,206,207,211,212,213,328,329,330,336,451,442,443,444,445,446,447,448,449,450,427,428,429,430,438,439) ) ORDER BY `sortnum` DESC,`id` ASC [ RunTime:0.000000s ]
[ sql ] [ SQL ] SELECT `id`,`name`,`url` FROM `tp_module` WHERE  ( pid=438 and id in (248,249,250,199,200,201,202,203,204,205,206,207,211,212,213,328,329,330,336,451,442,443,444,445,446,447,448,449,450,427,428,429,430,438,439) ) ORDER BY `sortnum` DESC,`id` ASC [ RunTime:0.001000s ]
[ sql ] [ SQL ] SHOW COLUMNS FROM `tp_goods` [ RunTime:0.029002s ]
[ sql ] [ SQL ] SELECT COUNT(*) AS tp_count FROM `tp_goods` LIMIT 1 [ RunTime:0.000000s ]
[ sql ] [ SQL ] SELECT * FROM `tp_goods` ORDER BY `sortnum` ASC,`id` DESC LIMIT 0,11 [ RunTime:0.006000s ]
[ error ] [8]未定义数组索引: category_id[E:\sjx\PHPTutorial\WWW\tp5.1demo\application\admin\controller\Mall.php:41]
---------------------------------------------------------------
[ 2019-03-25T14:08:18+08:00 ] 127.0.0.1 GET tp5.1/boss.php/user/user.html
[运行时间：0.188011s] [吞吐率：5.32req/s] [内存消耗：2,476.92kb] [文件加载：80]
[ info ] [ LANG ] E:\sjx\PHPTutorial\WWW\tp5.1demo\thinkphp\lang\zh-cn.php
[ info ] [ ROUTE ] array (
)
[ info ] [ HEADER ] array (
  'cookie' => 'PHPSESSID=6hg0s2j97ggb3r24hc3vc0hgm2',
  'accept-language' => 'zh-CN,zh;q=0.9',
  'accept-encoding' => 'gzip, deflate',
  'referer' => 'http://tp5.1/boss.php/index/index.html',
  'accept' => 'text/html,application/xhtml+xml,application/xml;q=0.9,image/webp,image/apng,*/*;q=0.8',
  'user-agent' => 'Mozilla/5.0 (Windows NT 6.1; Win64; x64) AppleWebKit/537.36 (KHTML, like Gecko) Chrome/67.0.3396.99 Safari/537.36',
  'upgrade-insecure-requests' => '1',
  'connection' => 'close',
  'host' => 'tp5.1',
)
[ info ] [ PARAM ] array (
)
[ info ] [ DB ] INIT mysql
[ info ] [ VIEW ] E:\sjx\PHPTutorial\WWW\tp5.1demo\application\admin\view\user\user.html [ array (
  0 => 'config',
  1 => 'priv',
  2 => 'admin_info',
  3 => 'top',
  4 => 'search',
  5 => 'render',
  6 => 'total',
  7 => 'info',
) ]
[ sql ] [ DB ] CONNECT:[ UseTime:0.011000s ] mysql:host=127.0.0.1;dbname=jwpet;charset=utf8
[ sql ] [ SQL ] SHOW COLUMNS FROM `tp_config` [ RunTime:0.007001s ]
[ sql ] [ SQL ] SELECT * FROM `tp_config` WHERE  `id` = 1 LIMIT 1 [ RunTime:0.001000s ]
[ sql ] [ SQL ] SELECT `forbid_ip` FROM `tp_config` WHERE  `id` = 1 LIMIT 1 [ RunTime:0.000000s ]
[ sql ] [ SQL ] SHOW COLUMNS FROM `tp_module` [ RunTime:0.006000s ]
[ sql ] [ SQL ] SELECT * FROM `tp_module` WHERE  ( url='/user/user' ) LIMIT 1 [ RunTime:0.000000s ]
[ sql ] [ SQL ] SHOW COLUMNS FROM `tp_admin_role` [ RunTime:0.007001s ]
[ sql ] [ SQL ] SELECT `button` FROM `tp_admin_role` WHERE  `id` = 1 LIMIT 1 [ RunTime:0.000000s ]
[ sql ] [ SQL ] SHOW COLUMNS FROM `tp_button` [ RunTime:0.007000s ]
[ sql ] [ SQL ] SELECT * FROM `tp_button` WHERE  ( id in (88) ) ORDER BY `sortnum` DESC,`id` ASC [ RunTime:0.000000s ]
[ sql ] [ SQL ] SELECT `module` FROM `tp_admin_role` WHERE  `id` = 1 LIMIT 1 [ RunTime:0.000000s ]
[ sql ] [ SQL ] SELECT `id`,`name`,`icon` FROM `tp_module` WHERE  ( pid=0 and id in (248,249,250,199,200,201,202,203,204,205,206,207,211,212,213,328,329,330,336,451,442,443,444,445,446,447,448,449,450,427,428,429,430,438,439) ) ORDER BY `sortnum` DESC,`id` ASC [ RunTime:0.001000s ]
[ sql ] [ SQL ] SELECT `id`,`name`,`icon` FROM `tp_module` WHERE  ( pid=248 and id in (248,249,250,199,200,201,202,203,204,205,206,207,211,212,213,328,329,330,336,451,442,443,444,445,446,447,448,449,450,427,428,429,430,438,439) ) ORDER BY `sortnum` DESC,`id` ASC [ RunTime:0.000000s ]
[ sql ] [ SQL ] SELECT `id`,`name`,`url` FROM `tp_module` WHERE  ( pid=249 and id in (248,249,250,199,200,201,202,203,204,205,206,207,211,212,213,328,329,330,336,451,442,443,444,445,446,447,448,449,450,427,428,429,430,438,439) ) ORDER BY `sortnum` DESC,`id` ASC [ RunTime:0.001000s ]
[ sql ] [ SQL ] SELECT `id`,`name`,`icon` FROM `tp_module` WHERE  ( pid=199 and id in (248,249,250,199,200,201,202,203,204,205,206,207,211,212,213,328,329,330,336,451,442,443,444,445,446,447,448,449,450,427,428,429,430,438,439) ) ORDER BY `sortnum` DESC,`id` ASC [ RunTime:0.000000s ]
[ sql ] [ SQL ] SELECT `id`,`name`,`url` FROM `tp_module` WHERE  ( pid=200 and id in (248,249,250,199,200,201,202,203,204,205,206,207,211,212,213,328,329,330,336,451,442,443,444,445,446,447,448,449,450,427,428,429,430,438,439) ) ORDER BY `sortnum` DESC,`id` ASC [ RunTime:0.001000s ]
[ sql ] [ SQL ] SELECT `id`,`name`,`url` FROM `tp_module` WHERE  ( pid=205 and id in (248,249,250,199,200,201,202,203,204,205,206,207,211,212,213,328,329,330,336,451,442,443,444,445,446,447,448,449,450,427,428,429,430,438,439) ) ORDER BY `sortnum` DESC,`id` ASC [ RunTime:0.000000s ]
[ sql ] [ SQL ] SELECT `id`,`name`,`icon` FROM `tp_module` WHERE  ( pid=207 and id in (248,249,250,199,200,201,202,203,204,205,206,207,211,212,213,328,329,330,336,451,442,443,444,445,446,447,448,449,450,427,428,429,430,438,439) ) ORDER BY `sortnum` DESC,`id` ASC [ RunTime:0.001000s ]
[ sql ] [ SQL ] SELECT `id`,`name`,`url` FROM `tp_module` WHERE  ( pid=211 and id in (248,249,250,199,200,201,202,203,204,205,206,207,211,212,213,328,329,330,336,451,442,443,444,445,446,447,448,449,450,427,428,429,430,438,439) ) ORDER BY `sortnum` DESC,`id` ASC [ RunTime:0.000000s ]
[ sql ] [ SQL ] SELECT `id`,`name`,`icon` FROM `tp_module` WHERE  ( pid=328 and id in (248,249,250,199,200,201,202,203,204,205,206,207,211,212,213,328,329,330,336,451,442,443,444,445,446,447,448,449,450,427,428,429,430,438,439) ) ORDER BY `sortnum` DESC,`id` ASC [ RunTime:0.001000s ]
[ sql ] [ SQL ] SELECT `id`,`name`,`url` FROM `tp_module` WHERE  ( pid=329 and id in (248,249,250,199,200,201,202,203,204,205,206,207,211,212,213,328,329,330,336,451,442,443,444,445,446,447,448,449,450,427,428,429,430,438,439) ) ORDER BY `sortnum` DESC,`id` ASC [ RunTime:0.000000s ]
[ sql ] [ SQL ] SELECT `id`,`name`,`url` FROM `tp_module` WHERE  ( pid=442 and id in (248,249,250,199,200,201,202,203,204,205,206,207,211,212,213,328,329,330,336,451,442,443,444,445,446,447,448,449,450,427,428,429,430,438,439) ) ORDER BY `sortnum` DESC,`id` ASC [ RunTime:0.001000s ]
[ sql ] [ SQL ] SELECT `id`,`name`,`url` FROM `tp_module` WHERE  ( pid=445 and id in (248,249,250,199,200,201,202,203,204,205,206,207,211,212,213,328,329,330,336,451,442,443,444,445,446,447,448,449,450,427,428,429,430,438,439) ) ORDER BY `sortnum` DESC,`id` ASC [ RunTime:0.000000s ]
[ sql ] [ SQL ] SELECT `id`,`name`,`url` FROM `tp_module` WHERE  ( pid=448 and id in (248,249,250,199,200,201,202,203,204,205,206,207,211,212,213,328,329,330,336,451,442,443,444,445,446,447,448,449,450,427,428,429,430,438,439) ) ORDER BY `sortnum` DESC,`id` ASC [ RunTime:0.001001s ]
[ sql ] [ SQL ] SELECT `id`,`name`,`icon` FROM `tp_module` WHERE  ( pid=427 and id in (248,249,250,199,200,201,202,203,204,205,206,207,211,212,213,328,329,330,336,451,442,443,444,445,446,447,448,449,450,427,428,429,430,438,439) ) ORDER BY `sortnum` DESC,`id` ASC [ RunTime:0.000000s ]
[ sql ] [ SQL ] SELECT `id`,`name`,`url` FROM `tp_module` WHERE  ( pid=428 and id in (248,249,250,199,200,201,202,203,204,205,206,207,211,212,213,328,329,330,336,451,442,443,444,445,446,447,448,449,450,427,428,429,430,438,439) ) ORDER BY `sortnum` DESC,`id` ASC [ RunTime:0.000000s ]
[ sql ] [ SQL ] SELECT `id`,`name`,`url` FROM `tp_module` WHERE  ( pid=438 and id in (248,249,250,199,200,201,202,203,204,205,206,207,211,212,213,328,329,330,336,451,442,443,444,445,446,447,448,449,450,427,428,429,430,438,439) ) ORDER BY `sortnum` DESC,`id` ASC [ RunTime:0.000000s ]
[ sql ] [ SQL ] SHOW COLUMNS FROM `tp_user` [ RunTime:0.060003s ]
[ sql ] [ SQL ] SELECT COUNT(*) AS tp_count FROM `tp_user` LIMIT 1 [ RunTime:0.001000s ]
[ sql ] [ SQL ] SELECT * FROM `tp_user` ORDER BY `id` DESC LIMIT 0,11 [ RunTime:0.001000s ]
---------------------------------------------------------------
[ 2019-03-25T14:08:18+08:00 ] 127.0.0.1 GET tp5.1/boss.php/user/card.html
[运行时间：0.093005s] [吞吐率：10.75req/s] [内存消耗：2,378.22kb] [文件加载：78]
[ info ] [ LANG ] E:\sjx\PHPTutorial\WWW\tp5.1demo\thinkphp\lang\zh-cn.php
[ info ] [ ROUTE ] array (
)
[ info ] [ HEADER ] array (
  'cookie' => 'PHPSESSID=6hg0s2j97ggb3r24hc3vc0hgm2',
  'accept-language' => 'zh-CN,zh;q=0.9',
  'accept-encoding' => 'gzip, deflate',
  'referer' => 'http://tp5.1/boss.php/index/index.html',
  'accept' => 'text/html,application/xhtml+xml,application/xml;q=0.9,image/webp,image/apng,*/*;q=0.8',
  'user-agent' => 'Mozilla/5.0 (Windows NT 6.1; Win64; x64) AppleWebKit/537.36 (KHTML, like Gecko) Chrome/67.0.3396.99 Safari/537.36',
  'upgrade-insecure-requests' => '1',
  'connection' => 'close',
  'host' => 'tp5.1',
)
[ info ] [ PARAM ] array (
)
[ info ] [ DB ] INIT mysql
[ sql ] [ DB ] CONNECT:[ UseTime:0.010000s ] mysql:host=127.0.0.1;dbname=jwpet;charset=utf8
[ sql ] [ SQL ] SHOW COLUMNS FROM `tp_config` [ RunTime:0.007001s ]
[ sql ] [ SQL ] SELECT * FROM `tp_config` WHERE  `id` = 1 LIMIT 1 [ RunTime:0.000000s ]
[ sql ] [ SQL ] SELECT `forbid_ip` FROM `tp_config` WHERE  `id` = 1 LIMIT 1 [ RunTime:0.001000s ]
[ sql ] [ SQL ] SHOW COLUMNS FROM `tp_module` [ RunTime:0.006000s ]
[ sql ] [ SQL ] SELECT * FROM `tp_module` WHERE  ( url='/user/card' ) LIMIT 1 [ RunTime:0.001000s ]
[ sql ] [ SQL ] SHOW COLUMNS FROM `tp_admin_role` [ RunTime:0.007001s ]
[ sql ] [ SQL ] SELECT `button` FROM `tp_admin_role` WHERE  `id` = 1 LIMIT 1 [ RunTime:0.000000s ]
[ sql ] [ SQL ] SHOW COLUMNS FROM `tp_button` [ RunTime:0.007000s ]
[ sql ] [ SQL ] SELECT * FROM `tp_button` WHERE  ( id in (85,86,87,88,89) ) ORDER BY `sortnum` DESC,`id` ASC [ RunTime:0.000000s ]
[ sql ] [ SQL ] SELECT `module` FROM `tp_admin_role` WHERE  `id` = 1 LIMIT 1 [ RunTime:0.000000s ]
[ sql ] [ SQL ] SELECT `id`,`name`,`icon` FROM `tp_module` WHERE  ( pid=0 and id in (248,249,250,199,200,201,202,203,204,205,206,207,211,212,213,328,329,330,336,451,442,443,444,445,446,447,448,449,450,427,428,429,430,438,439) ) ORDER BY `sortnum` DESC,`id` ASC [ RunTime:0.001000s ]
[ sql ] [ SQL ] SELECT `id`,`name`,`icon` FROM `tp_module` WHERE  ( pid=248 and id in (248,249,250,199,200,201,202,203,204,205,206,207,211,212,213,328,329,330,336,451,442,443,444,445,446,447,448,449,450,427,428,429,430,438,439) ) ORDER BY `sortnum` DESC,`id` ASC [ RunTime:0.000000s ]
[ sql ] [ SQL ] SELECT `id`,`name`,`url` FROM `tp_module` WHERE  ( pid=249 and id in (248,249,250,199,200,201,202,203,204,205,206,207,211,212,213,328,329,330,336,451,442,443,444,445,446,447,448,449,450,427,428,429,430,438,439) ) ORDER BY `sortnum` DESC,`id` ASC [ RunTime:0.001000s ]
[ sql ] [ SQL ] SELECT `id`,`name`,`icon` FROM `tp_module` WHERE  ( pid=199 and id in (248,249,250,199,200,201,202,203,204,205,206,207,211,212,213,328,329,330,336,451,442,443,444,445,446,447,448,449,450,427,428,429,430,438,439) ) ORDER BY `sortnum` DESC,`id` ASC [ RunTime:0.000000s ]
[ sql ] [ SQL ] SELECT `id`,`name`,`url` FROM `tp_module` WHERE  ( pid=200 and id in (248,249,250,199,200,201,202,203,204,205,206,207,211,212,213,328,329,330,336,451,442,443,444,445,446,447,448,449,450,427,428,429,430,438,439) ) ORDER BY `sortnum` DESC,`id` ASC [ RunTime:0.001000s ]
[ sql ] [ SQL ] SELECT `id`,`name`,`url` FROM `tp_module` WHERE  ( pid=205 and id in (248,249,250,199,200,201,202,203,204,205,206,207,211,212,213,328,329,330,336,451,442,443,444,445,446,447,448,449,450,427,428,429,430,438,439) ) ORDER BY `sortnum` DESC,`id` ASC [ RunTime:0.000000s ]
[ sql ] [ SQL ] SELECT `id`,`name`,`icon` FROM `tp_module` WHERE  ( pid=207 and id in (248,249,250,199,200,201,202,203,204,205,206,207,211,212,213,328,329,330,336,451,442,443,444,445,446,447,448,449,450,427,428,429,430,438,439) ) ORDER BY `sortnum` DESC,`id` ASC [ RunTime:0.001000s ]
[ sql ] [ SQL ] SELECT `id`,`name`,`url` FROM `tp_module` WHERE  ( pid=211 and id in (248,249,250,199,200,201,202,203,204,205,206,207,211,212,213,328,329,330,336,451,442,443,444,445,446,447,448,449,450,427,428,429,430,438,439) ) ORDER BY `sortnum` DESC,`id` ASC [ RunTime:0.000000s ]
[ sql ] [ SQL ] SELECT `id`,`name`,`icon` FROM `tp_module` WHERE  ( pid=328 and id in (248,249,250,199,200,201,202,203,204,205,206,207,211,212,213,328,329,330,336,451,442,443,444,445,446,447,448,449,450,427,428,429,430,438,439) ) ORDER BY `sortnum` DESC,`id` ASC [ RunTime:0.001000s ]
[ sql ] [ SQL ] SELECT `id`,`name`,`url` FROM `tp_module` WHERE  ( pid=329 and id in (248,249,250,199,200,201,202,203,204,205,206,207,211,212,213,328,329,330,336,451,442,443,444,445,446,447,448,449,450,427,428,429,430,438,439) ) ORDER BY `sortnum` DESC,`id` ASC [ RunTime:0.000000s ]
[ sql ] [ SQL ] SELECT `id`,`name`,`url` FROM `tp_module` WHERE  ( pid=442 and id in (248,249,250,199,200,201,202,203,204,205,206,207,211,212,213,328,329,330,336,451,442,443,444,445,446,447,448,449,450,427,428,429,430,438,439) ) ORDER BY `sortnum` DESC,`id` ASC [ RunTime:0.001001s ]
[ sql ] [ SQL ] SELECT `id`,`name`,`url` FROM `tp_module` WHERE  ( pid=445 and id in (248,249,250,199,200,201,202,203,204,205,206,207,211,212,213,328,329,330,336,451,442,443,444,445,446,447,448,449,450,427,428,429,430,438,439) ) ORDER BY `sortnum` DESC,`id` ASC [ RunTime:0.001000s ]
[ sql ] [ SQL ] SELECT `id`,`name`,`url` FROM `tp_module` WHERE  ( pid=448 and id in (248,249,250,199,200,201,202,203,204,205,206,207,211,212,213,328,329,330,336,451,442,443,444,445,446,447,448,449,450,427,428,429,430,438,439) ) ORDER BY `sortnum` DESC,`id` ASC [ RunTime:0.000000s ]
[ sql ] [ SQL ] SELECT `id`,`name`,`icon` FROM `tp_module` WHERE  ( pid=427 and id in (248,249,250,199,200,201,202,203,204,205,206,207,211,212,213,328,329,330,336,451,442,443,444,445,446,447,448,449,450,427,428,429,430,438,439) ) ORDER BY `sortnum` DESC,`id` ASC [ RunTime:0.001000s ]
[ sql ] [ SQL ] SELECT `id`,`name`,`url` FROM `tp_module` WHERE  ( pid=428 and id in (248,249,250,199,200,201,202,203,204,205,206,207,211,212,213,328,329,330,336,451,442,443,444,445,446,447,448,449,450,427,428,429,430,438,439) ) ORDER BY `sortnum` DESC,`id` ASC [ RunTime:0.000000s ]
[ sql ] [ SQL ] SELECT `id`,`name`,`url` FROM `tp_module` WHERE  ( pid=438 and id in (248,249,250,199,200,201,202,203,204,205,206,207,211,212,213,328,329,330,336,451,442,443,444,445,446,447,448,449,450,427,428,429,430,438,439) ) ORDER BY `sortnum` DESC,`id` ASC [ RunTime:0.000000s ]
---------------------------------------------------------------
[ 2019-03-25T14:08:19+08:00 ] 127.0.0.1 GET tp5.1/boss.php/user/card_type.html
[运行时间：0.103006s] [吞吐率：9.71req/s] [内存消耗：2,377.47kb] [文件加载：78]
[ info ] [ LANG ] E:\sjx\PHPTutorial\WWW\tp5.1demo\thinkphp\lang\zh-cn.php
[ info ] [ ROUTE ] array (
)
[ info ] [ HEADER ] array (
  'cookie' => 'PHPSESSID=6hg0s2j97ggb3r24hc3vc0hgm2',
  'accept-language' => 'zh-CN,zh;q=0.9',
  'accept-encoding' => 'gzip, deflate',
  'referer' => 'http://tp5.1/boss.php/index/index.html',
  'accept' => 'text/html,application/xhtml+xml,application/xml;q=0.9,image/webp,image/apng,*/*;q=0.8',
  'user-agent' => 'Mozilla/5.0 (Windows NT 6.1; Win64; x64) AppleWebKit/537.36 (KHTML, like Gecko) Chrome/67.0.3396.99 Safari/537.36',
  'upgrade-insecure-requests' => '1',
  'connection' => 'close',
  'host' => 'tp5.1',
)
[ info ] [ PARAM ] array (
)
[ info ] [ DB ] INIT mysql
[ sql ] [ DB ] CONNECT:[ UseTime:0.011000s ] mysql:host=127.0.0.1;dbname=jwpet;charset=utf8
[ sql ] [ SQL ] SHOW COLUMNS FROM `tp_config` [ RunTime:0.007001s ]
[ sql ] [ SQL ] SELECT * FROM `tp_config` WHERE  `id` = 1 LIMIT 1 [ RunTime:0.000000s ]
[ sql ] [ SQL ] SELECT `forbid_ip` FROM `tp_config` WHERE  `id` = 1 LIMIT 1 [ RunTime:0.000000s ]
[ sql ] [ SQL ] SHOW COLUMNS FROM `tp_module` [ RunTime:0.007000s ]
[ sql ] [ SQL ] SELECT * FROM `tp_module` WHERE  ( url='/user/card_type' ) LIMIT 1 [ RunTime:0.001000s ]
[ sql ] [ SQL ] SHOW COLUMNS FROM `tp_admin_role` [ RunTime:0.006001s ]
[ sql ] [ SQL ] SELECT `button` FROM `tp_admin_role` WHERE  `id` = 1 LIMIT 1 [ RunTime:0.001000s ]
[ sql ] [ SQL ] SHOW COLUMNS FROM `tp_button` [ RunTime:0.007000s ]
[ sql ] [ SQL ] SELECT * FROM `tp_button` WHERE  ( id in (85,86,87) ) ORDER BY `sortnum` DESC,`id` ASC [ RunTime:0.000000s ]
[ sql ] [ SQL ] SELECT `module` FROM `tp_admin_role` WHERE  `id` = 1 LIMIT 1 [ RunTime:0.000000s ]
[ sql ] [ SQL ] SELECT `id`,`name`,`icon` FROM `tp_module` WHERE  ( pid=0 and id in (248,249,250,199,200,201,202,203,204,205,206,207,211,212,213,328,329,330,336,451,442,443,444,445,446,447,448,449,450,427,428,429,430,438,439) ) ORDER BY `sortnum` DESC,`id` ASC [ RunTime:0.000000s ]
[ sql ] [ SQL ] SELECT `id`,`name`,`icon` FROM `tp_module` WHERE  ( pid=248 and id in (248,249,250,199,200,201,202,203,204,205,206,207,211,212,213,328,329,330,336,451,442,443,444,445,446,447,448,449,450,427,428,429,430,438,439) ) ORDER BY `sortnum` DESC,`id` ASC [ RunTime:0.000000s ]
[ sql ] [ SQL ] SELECT `id`,`name`,`url` FROM `tp_module` WHERE  ( pid=249 and id in (248,249,250,199,200,201,202,203,204,205,206,207,211,212,213,328,329,330,336,451,442,443,444,445,446,447,448,449,450,427,428,429,430,438,439) ) ORDER BY `sortnum` DESC,`id` ASC [ RunTime:0.001000s ]
[ sql ] [ SQL ] SELECT `id`,`name`,`icon` FROM `tp_module` WHERE  ( pid=199 and id in (248,249,250,199,200,201,202,203,204,205,206,207,211,212,213,328,329,330,336,451,442,443,444,445,446,447,448,449,450,427,428,429,430,438,439) ) ORDER BY `sortnum` DESC,`id` ASC [ RunTime:0.000000s ]
[ sql ] [ SQL ] SELECT `id`,`name`,`url` FROM `tp_module` WHERE  ( pid=200 and id in (248,249,250,199,200,201,202,203,204,205,206,207,211,212,213,328,329,330,336,451,442,443,444,445,446,447,448,449,450,427,428,429,430,438,439) ) ORDER BY `sortnum` DESC,`id` ASC [ RunTime:0.000000s ]
[ sql ] [ SQL ] SELECT `id`,`name`,`url` FROM `tp_module` WHERE  ( pid=205 and id in (248,249,250,199,200,201,202,203,204,205,206,207,211,212,213,328,329,330,336,451,442,443,444,445,446,447,448,449,450,427,428,429,430,438,439) ) ORDER BY `sortnum` DESC,`id` ASC [ RunTime:0.000000s ]
[ sql ] [ SQL ] SELECT `id`,`name`,`icon` FROM `tp_module` WHERE  ( pid=207 and id in (248,249,250,199,200,201,202,203,204,205,206,207,211,212,213,328,329,330,336,451,442,443,444,445,446,447,448,449,450,427,428,429,430,438,439) ) ORDER BY `sortnum` DESC,`id` ASC [ RunTime:0.001000s ]
[ sql ] [ SQL ] SELECT `id`,`name`,`url` FROM `tp_module` WHERE  ( pid=211 and id in (248,249,250,199,200,201,202,203,204,205,206,207,211,212,213,328,329,330,336,451,442,443,444,445,446,447,448,449,450,427,428,429,430,438,439) ) ORDER BY `sortnum` DESC,`id` ASC [ RunTime:0.000000s ]
[ sql ] [ SQL ] SELECT `id`,`name`,`icon` FROM `tp_module` WHERE  ( pid=328 and id in (248,249,250,199,200,201,202,203,204,205,206,207,211,212,213,328,329,330,336,451,442,443,444,445,446,447,448,449,450,427,428,429,430,438,439) ) ORDER BY `sortnum` DESC,`id` ASC [ RunTime:0.001000s ]
[ sql ] [ SQL ] SELECT `id`,`name`,`url` FROM `tp_module` WHERE  ( pid=329 and id in (248,249,250,199,200,201,202,203,204,205,206,207,211,212,213,328,329,330,336,451,442,443,444,445,446,447,448,449,450,427,428,429,430,438,439) ) ORDER BY `sortnum` DESC,`id` ASC [ RunTime:0.000000s ]
[ sql ] [ SQL ] SELECT `id`,`name`,`url` FROM `tp_module` WHERE  ( pid=442 and id in (248,249,250,199,200,201,202,203,204,205,206,207,211,212,213,328,329,330,336,451,442,443,444,445,446,447,448,449,450,427,428,429,430,438,439) ) ORDER BY `sortnum` DESC,`id` ASC [ RunTime:0.001000s ]
[ sql ] [ SQL ] SELECT `id`,`name`,`url` FROM `tp_module` WHERE  ( pid=445 and id in (248,249,250,199,200,201,202,203,204,205,206,207,211,212,213,328,329,330,336,451,442,443,444,445,446,447,448,449,450,427,428,429,430,438,439) ) ORDER BY `sortnum` DESC,`id` ASC [ RunTime:0.000000s ]
[ sql ] [ SQL ] SELECT `id`,`name`,`url` FROM `tp_module` WHERE  ( pid=448 and id in (248,249,250,199,200,201,202,203,204,205,206,207,211,212,213,328,329,330,336,451,442,443,444,445,446,447,448,449,450,427,428,429,430,438,439) ) ORDER BY `sortnum` DESC,`id` ASC [ RunTime:0.000000s ]
[ sql ] [ SQL ] SELECT `id`,`name`,`icon` FROM `tp_module` WHERE  ( pid=427 and id in (248,249,250,199,200,201,202,203,204,205,206,207,211,212,213,328,329,330,336,451,442,443,444,445,446,447,448,449,450,427,428,429,430,438,439) ) ORDER BY `sortnum` DESC,`id` ASC [ RunTime:0.000000s ]
[ sql ] [ SQL ] SELECT `id`,`name`,`url` FROM `tp_module` WHERE  ( pid=428 and id in (248,249,250,199,200,201,202,203,204,205,206,207,211,212,213,328,329,330,336,451,442,443,444,445,446,447,448,449,450,427,428,429,430,438,439) ) ORDER BY `sortnum` DESC,`id` ASC [ RunTime:0.000000s ]
[ sql ] [ SQL ] SELECT `id`,`name`,`url` FROM `tp_module` WHERE  ( pid=438 and id in (248,249,250,199,200,201,202,203,204,205,206,207,211,212,213,328,329,330,336,451,442,443,444,445,446,447,448,449,450,427,428,429,430,438,439) ) ORDER BY `sortnum` DESC,`id` ASC [ RunTime:0.001000s ]
